HHEd -A -D -T 1 -H ./interim_files/hmm9/macros -H ./interim_files/hmm9/hmmdefs -M ./interim_files/hmm10 ./interim_files/mktri.hed ./interim_files/monophones1 

No HTK Configuration Parameters Set

HHEd
 41/41 Models Loaded [5 states max, 1 mixes max]

CL ./interim_files/triphones1
 Cloning current hmms to produce new set

TI T_ae {}
 Tie items

TI T_b {}
 Tie items

TI T_ah {}
 Tie items

TI T_l {}
 Tie items

TI T_ow {}
 Tie items

TI T_n {}
 Tie items

TI T_sp {}
 Tie items
 WARNING [-2631]  ApplyTie: Macro T_sp has nothing to tie of type t in HHEd

TI T_d {}
 Tie items

TI T_aa {}
 Tie items

TI T_m {}
 Tie items

TI T_z {}
 Tie items

TI T_ih {}
 Tie items

TI T_sh {}
 Tie items

TI T_aw {}
 Tie items

TI T_ng {}
 Tie items

TI T_t {}
 Tie items

TI T_k {}
 Tie items

TI T_ch {}
 Tie items

TI T_iy {}
 Tie items

TI T_v {}
 Tie items

TI T_w {}
 Tie items

TI T_y {}
 Tie items

TI T_uw {}
 Tie items

TI T_p {}
 Tie items

TI T_er {}
 Tie items

TI T_eh {}
 Tie items

TI T_r {}
 Tie items

TI T_f {}
 Tie items

TI T_g {}
 Tie items

TI T_s {}
 Tie items

TI T_th {}
 Tie items

TI T_hh {}
 Tie items

TI T_ey {}
 Tie items

TI T_dh {}
 Tie items

TI T_ao {}
 Tie items

TI T_ay {}
 Tie items

TI T_zh {}
 Tie items

TI T_uh {}
 Tie items

TI T_oy {}
 Tie items

TI T_jh {}
 Tie items

TI T_sil {}
 Tie items
 WARNING [-2631]  ApplyTie: Macro T_sil has nothing to tie of type t in HHEd

Saving new HMM files ...
Edit Complete

No HTK Configuration Parameters Set

