HERest -A -D -T 1 -C ./input_files/config -I ./interim_files/aligned.mlf -t 250.0 150.0 3000.0 -S ./interim_files/train.scp -H ./interim_files/hmm7/macros -H ./interim_files/hmm7/hmmdefs -M ./interim_files/hmm8 ./interim_files/monophones1 

HTK Configuration Parameters[10]
  Module/Tool     Parameter                  Value
#                 NUMCEPS                       12
#                 CEPLIFTER                     22
#                 NUMCHANS                      26
#                 PREEMCOEF               0.970000
#                 USEHAMMING                  TRUE
#                 WINDOWSIZE         250000.000000
#                 SAVEWITHCRC                 TRUE
#                 SAVECOMPRESSED              TRUE
#                 TARGETRATE         100000.000000
#                 TARGETKIND          MFCC_0_D_N_Z

HERest  ML Updating: Transitions Means Variances 

 System is SHARED
41 Logical/41 Physical Models Loaded, VecSize=25
2 MMF input files
Pruning-On[250.0 150.0 3000.0]
 Processing Data: sample1.mfc; Label sample1.lab
 Utterance prob per frame = -5.364393e+01
 Processing Data: sample2.mfc; Label sample2.lab
 Utterance prob per frame = -5.299115e+01
 Processing Data: sample3.mfc; Label sample3.lab
 Utterance prob per frame = -5.234908e+01
 Processing Data: sample4.mfc; Label sample4.lab
 Utterance prob per frame = -5.481907e+01
 Processing Data: sample5.mfc; Label sample5.lab
 Utterance prob per frame = -5.500335e+01
 Processing Data: sample6.mfc; Label sample6.lab
 Utterance prob per frame = -5.462586e+01
 Processing Data: sample7.mfc; Label sample7.lab
 Utterance prob per frame = -5.353505e+01
 Processing Data: sample8.mfc; Label sample8.lab
 Utterance prob per frame = -5.184094e+01
 Processing Data: sample9.mfc; Label sample9.lab
 Utterance prob per frame = -5.851746e+01
 Processing Data: sample10.mfc; Label sample10.lab
 Utterance prob per frame = -5.559701e+01
 Processing Data: sample11.mfc; Label sample11.lab
 Utterance prob per frame = -5.455183e+01
 Processing Data: sample12.mfc; Label sample12.lab
 Utterance prob per frame = -5.483855e+01
 Processing Data: sample13.mfc; Label sample13.lab
 Utterance prob per frame = -5.538127e+01
 Processing Data: sample14.mfc; Label sample14.lab
 Utterance prob per frame = -5.509905e+01
 Processing Data: sample15.mfc; Label sample15.lab
 Utterance prob per frame = -5.703516e+01
 Processing Data: sample16.mfc; Label sample16.lab
 Utterance prob per frame = -5.403927e+01
 Processing Data: sample17.mfc; Label sample17.lab
 Utterance prob per frame = -5.487810e+01
 Processing Data: sample18.mfc; Label sample18.lab
 Utterance prob per frame = -5.511717e+01
 Processing Data: sample19.mfc; Label sample19.lab
 Utterance prob per frame = -5.442470e+01
 Processing Data: sample20.mfc; Label sample20.lab
 Utterance prob per frame = -5.768262e+01
 Processing Data: sample21.mfc; Label sample21.lab
 Utterance prob per frame = -5.796903e+01
 Processing Data: sample22.mfc; Label sample22.lab
 Utterance prob per frame = -5.832046e+01
 Processing Data: sample23.mfc; Label sample23.lab
 Utterance prob per frame = -5.818611e+01
 Processing Data: sample24.mfc; Label sample24.lab
 Utterance prob per frame = -5.897960e+01
 Processing Data: sample25.mfc; Label sample25.lab
 Utterance prob per frame = -5.677533e+01
 Processing Data: sample26.mfc; Label sample26.lab
 Utterance prob per frame = -5.758172e+01
 Processing Data: sample27.mfc; Label sample27.lab
 Utterance prob per frame = -5.730040e+01
 Processing Data: sample28.mfc; Label sample28.lab
 Utterance prob per frame = -5.609409e+01
 Processing Data: sample29.mfc; Label sample29.lab
 Utterance prob per frame = -5.520855e+01
 Processing Data: sample30.mfc; Label sample30.lab
 Utterance prob per frame = -5.471104e+01
 Processing Data: sample31.mfc; Label sample31.lab
 Utterance prob per frame = -5.517529e+01
Saving hmm's to dir ./interim_files/hmm8
Reestimation complete - average log prob per frame = -5.514958e+01
     - total frames seen          = 1.816000e+04

HTK Configuration Parameters[10]
  Module/Tool     Parameter                  Value
                  NUMCEPS                       12
                  CEPLIFTER                     22
                  NUMCHANS                      26
                  PREEMCOEF               0.970000
                  USEHAMMING                  TRUE
                  WINDOWSIZE         250000.000000
                  SAVEWITHCRC                 TRUE
                  SAVECOMPRESSED              TRUE
                  TARGETRATE         100000.000000
                  TARGETKIND          MFCC_0_D_N_Z

