HERest -A -D -T 1 -C ./input_files/config -I ./interim_files/aligned.mlf -t 250.0 150.0 3000.0 -S ./interim_files/train.scp -H ./interim_files/hmm8/macros -H ./interim_files/hmm8/hmmdefs -M ./interim_files/hmm9 ./interim_files/monophones1 

HTK Configuration Parameters[10]
  Module/Tool     Parameter                  Value
#                 NUMCEPS                       12
#                 CEPLIFTER                     22
#                 NUMCHANS                      26
#                 PREEMCOEF               0.970000
#                 USEHAMMING                  TRUE
#                 WINDOWSIZE         250000.000000
#                 SAVEWITHCRC                 TRUE
#                 SAVECOMPRESSED              TRUE
#                 TARGETRATE         100000.000000
#                 TARGETKIND          MFCC_0_D_N_Z

HERest  ML Updating: Transitions Means Variances 

 System is SHARED
41 Logical/41 Physical Models Loaded, VecSize=25
2 MMF input files
Pruning-On[250.0 150.0 3000.0]
 Processing Data: sample1.mfc; Label sample1.lab
 Utterance prob per frame = -5.347481e+01
 Processing Data: sample2.mfc; Label sample2.lab
 Utterance prob per frame = -5.280782e+01
 Processing Data: sample3.mfc; Label sample3.lab
 Utterance prob per frame = -5.223864e+01
 Processing Data: sample4.mfc; Label sample4.lab
 Utterance prob per frame = -5.457887e+01
 Processing Data: sample5.mfc; Label sample5.lab
 Utterance prob per frame = -5.485691e+01
 Processing Data: sample6.mfc; Label sample6.lab
 Utterance prob per frame = -5.460858e+01
 Processing Data: sample7.mfc; Label sample7.lab
 Utterance prob per frame = -5.353450e+01
 Processing Data: sample8.mfc; Label sample8.lab
 Utterance prob per frame = -5.176724e+01
 Processing Data: sample9.mfc; Label sample9.lab
 Utterance prob per frame = -5.855931e+01
 Processing Data: sample10.mfc; Label sample10.lab
 Utterance prob per frame = -5.533621e+01
 Processing Data: sample11.mfc; Label sample11.lab
 Utterance prob per frame = -5.442783e+01
 Processing Data: sample12.mfc; Label sample12.lab
 Utterance prob per frame = -5.475140e+01
 Processing Data: sample13.mfc; Label sample13.lab
 Utterance prob per frame = -5.540544e+01
 Processing Data: sample14.mfc; Label sample14.lab
 Utterance prob per frame = -5.506475e+01
 Processing Data: sample15.mfc; Label sample15.lab
 Utterance prob per frame = -5.700077e+01
 Processing Data: sample16.mfc; Label sample16.lab
 Utterance prob per frame = -5.400418e+01
 Processing Data: sample17.mfc; Label sample17.lab
 Utterance prob per frame = -5.490800e+01
 Processing Data: sample18.mfc; Label sample18.lab
 Utterance prob per frame = -5.504311e+01
 Processing Data: sample19.mfc; Label sample19.lab
 Utterance prob per frame = -5.438767e+01
 Processing Data: sample20.mfc; Label sample20.lab
 Utterance prob per frame = -5.757072e+01
 Processing Data: sample21.mfc; Label sample21.lab
 Utterance prob per frame = -5.769650e+01
 Processing Data: sample22.mfc; Label sample22.lab
 Utterance prob per frame = -5.818094e+01
 Processing Data: sample23.mfc; Label sample23.lab
 Utterance prob per frame = -5.800199e+01
 Processing Data: sample24.mfc; Label sample24.lab
 Utterance prob per frame = -5.888848e+01
 Processing Data: sample25.mfc; Label sample25.lab
 Utterance prob per frame = -5.638363e+01
 Processing Data: sample26.mfc; Label sample26.lab
 Utterance prob per frame = -5.759976e+01
 Processing Data: sample27.mfc; Label sample27.lab
 Utterance prob per frame = -5.730286e+01
 Processing Data: sample28.mfc; Label sample28.lab
 Utterance prob per frame = -5.587779e+01
 Processing Data: sample29.mfc; Label sample29.lab
 Utterance prob per frame = -5.514626e+01
 Processing Data: sample30.mfc; Label sample30.lab
 Utterance prob per frame = -5.429093e+01
 Processing Data: sample31.mfc; Label sample31.lab
 Utterance prob per frame = -5.505745e+01
Saving hmm's to dir ./interim_files/hmm9
Reestimation complete - average log prob per frame = -5.503093e+01
     - total frames seen          = 1.816000e+04

HTK Configuration Parameters[10]
  Module/Tool     Parameter                  Value
                  NUMCEPS                       12
                  CEPLIFTER                     22
                  NUMCHANS                      26
                  PREEMCOEF               0.970000
                  USEHAMMING                  TRUE
                  WINDOWSIZE         250000.000000
                  SAVEWITHCRC                 TRUE
                  SAVECOMPRESSED              TRUE
                  TARGETRATE         100000.000000
                  TARGETKIND          MFCC_0_D_N_Z

