HHEd -A -D -T 1 -H ./interim_files/hmm12/macros -H ./interim_files/hmm12/hmmdefs -M ./interim_files/hmm13 ./interim_files/tree.hed ./interim_files/triphones1 

No HTK Configuration Parameters Set

HHEd
 451/451 Models Loaded [5 states max, 1 mixes max]
RO 100.00 ''
 Setting outlier threshold for clustering
 RO->LS ./interim_files/stats
  and loading state occupation stats
  Stats loaded for 451 models
  Mean Occupation Count = 14.588111

TR 0
 Adjusting trace level
 WARNING [-2631]  QuestionCommand: No items for question R_Silence
 in HHEd
 WARNING [-2631]  QuestionCommand: No items for question R_ax
 in HHEd
 WARNING [-2631]  QuestionCommand: No items for question R_dd
 in HHEd
 WARNING [-2631]  QuestionCommand: No items for question R_dx
 in HHEd
 WARNING [-2631]  QuestionCommand: No items for question R_el
 in HHEd
 WARNING [-2631]  QuestionCommand: No items for question R_en
 in HHEd
 WARNING [-2631]  QuestionCommand: No items for question R_ar
 in HHEd
 WARNING [-2631]  QuestionCommand: No items for question R_ir
 in HHEd
 WARNING [-2631]  QuestionCommand: No items for question R_ur
 in HHEd
 WARNING [-2631]  QuestionCommand: No items for question R_kd
 in HHEd
 WARNING [-2631]  QuestionCommand: No items for question R_pd
 in HHEd
 WARNING [-2631]  QuestionCommand: No items for question R_td
 in HHEd
 WARNING [-2631]  QuestionCommand: No items for question R_ts
 in HHEd
 WARNING [-2631]  QuestionCommand: No items for question L_Silence
 in HHEd
 WARNING [-2631]  QuestionCommand: No items for question L_ax
 in HHEd
 WARNING [-2631]  QuestionCommand: No items for question L_dd
 in HHEd
 WARNING [-2631]  QuestionCommand: No items for question L_dx
 in HHEd
 WARNING [-2631]  QuestionCommand: No items for question L_el
 in HHEd
 WARNING [-2631]  QuestionCommand: No items for question L_en
 in HHEd
 WARNING [-2631]  QuestionCommand: No items for question L_ar
 in HHEd
 WARNING [-2631]  QuestionCommand: No items for question L_ir
 in HHEd
 WARNING [-2631]  QuestionCommand: No items for question L_ur
 in HHEd
 WARNING [-2631]  QuestionCommand: No items for question L_kd
 in HHEd
 WARNING [-2631]  QuestionCommand: No items for question L_pd
 in HHEd
 WARNING [-2631]  QuestionCommand: No items for question L_td
 in HHEd
 WARNING [-2631]  QuestionCommand: No items for question L_ts
 in HHEd

TR 2
 Adjusting trace level

TB 350.00 ST_ae_2_ {}
 Tree based clustering
 Start  ae[2] : 14  have LogL=-60.625 occ=52.2

 Via    ae[2] : 1 gives LogL=-60.625 occ=52.2

 End    ae[2] : 1 gives LogL=-60.625 occ=52.2

 TB: Stats 14->1 [7.1%]  { 14->1 [7.1%] total }

TB 350.00 ST_b_2_ {}
 Tree based clustering
 Start   b[2] : 22  have LogL=-54.276 occ=171.2

 Via     b[2] : 1 gives LogL=-54.276 occ=171.2

 End     b[2] : 1 gives LogL=-54.276 occ=171.2

 TB: Stats 22->1 [4.5%]  { 36->2 [5.6%] total }

TB 350.00 ST_ah_2_ {}
 Tree based clustering
 Start  ah[2] : 50  have LogL=-66.276 occ=236.6

 Via    ah[2] : 1 gives LogL=-66.276 occ=236.6

 End    ah[2] : 1 gives LogL=-66.276 occ=236.6

 TB: Stats 50->1 [2.0%]  { 86->3 [3.5%] total }

TB 350.00 ST_l_2_ {}
 Tree based clustering
 Start   l[2] : 28  have LogL=-56.708 occ=418.5

 Via     l[2] : 1 gives LogL=-56.708 occ=418.5

 End     l[2] : 1 gives LogL=-56.708 occ=418.5

 TB: Stats 28->1 [3.6%]  { 114->4 [3.5%] total }

TB 350.00 ST_ow_2_ {}
 Tree based clustering
 Start  ow[2] : 8  have LogL=-55.327 occ=215.0

 Via    ow[2] : 1 gives LogL=-55.327 occ=215.0

 End    ow[2] : 1 gives LogL=-55.327 occ=215.0

 TB: Stats 8->1 [12.5%]  { 122->5 [4.1%] total }

TB 350.00 ST_n_2_ {}
 Tree based clustering
 Start   n[2] : 24  have LogL=-49.315 occ=506.9

 Via     n[2] : 1 gives LogL=-49.315 occ=506.9

 End     n[2] : 1 gives LogL=-49.315 occ=506.9

 TB: Stats 24->1 [4.2%]  { 146->6 [4.1%] total }

TB 350.00 ST_d_2_ {}
 Tree based clustering
 Start   d[2] : 21  have LogL=-57.747 occ=128.8

 Via     d[2] : 1 gives LogL=-57.747 occ=128.8

 End     d[2] : 1 gives LogL=-57.747 occ=128.8

 TB: Stats 21->1 [4.8%]  { 167->7 [4.2%] total }

TB 350.00 ST_aa_2_ {}
 Tree based clustering
 Start  aa[2] : 8  have LogL=-56.529 occ=53.7

 Via    aa[2] : 1 gives LogL=-56.529 occ=53.7

 End    aa[2] : 1 gives LogL=-56.529 occ=53.7

 TB: Stats 8->1 [12.5%]  { 175->8 [4.6%] total }

TB 350.00 ST_m_2_ {}
 Tree based clustering
 Start   m[2] : 12  have LogL=-54.667 occ=91.3

 Via     m[2] : 1 gives LogL=-54.667 occ=91.3

 End     m[2] : 1 gives LogL=-54.667 occ=91.3

 TB: Stats 12->1 [8.3%]  { 187->9 [4.8%] total }

TB 350.00 ST_z_2_ {}
 Tree based clustering
 Start   z[2] : 5  have LogL=-60.176 occ=104.9

 Via     z[2] : 1 gives LogL=-60.176 occ=104.9

 End     z[2] : 1 gives LogL=-60.176 occ=104.9

 TB: Stats 5->1 [20.0%]  { 192->10 [5.2%] total }

TB 350.00 ST_ih_2_ {}
 Tree based clustering
 Start  ih[2] : 22  have LogL=-66.892 occ=167.3

 Via    ih[2] : 1 gives LogL=-66.892 occ=167.3

 End    ih[2] : 1 gives LogL=-66.892 occ=167.3

 TB: Stats 22->1 [4.5%]  { 214->11 [5.1%] total }

TB 350.00 ST_sh_2_ {}
 Tree based clustering
 Start  sh[2] : 6  have LogL=-56.445 occ=70.3

 Via    sh[2] : 1 gives LogL=-56.445 occ=70.3

 End    sh[2] : 1 gives LogL=-56.445 occ=70.3

 TB: Stats 6->1 [16.7%]  { 220->12 [5.5%] total }

TB 350.00 ST_aw_2_ {}
 Tree based clustering
 Start  aw[2] : 4  have LogL=-59.851 occ=23.5

 Via    aw[2] : 1 gives LogL=-59.851 occ=23.5

 End    aw[2] : 1 gives LogL=-59.851 occ=23.5

 TB: Stats 4->1 [25.0%]  { 224->13 [5.8%] total }

TB 350.00 ST_ng_2_ {}
 Tree based clustering
 Start  ng[2] : 3  have LogL=-49.243 occ=91.9

 Via    ng[2] : 1 gives LogL=-49.243 occ=91.9

 End    ng[2] : 1 gives LogL=-49.243 occ=91.9

 TB: Stats 3->1 [33.3%]  { 227->14 [6.2%] total }

TB 350.00 ST_t_2_ {}
 Tree based clustering
 Start   t[2] : 22  have LogL=-63.640 occ=191.3

 Via     t[2] : 1 gives LogL=-63.640 occ=191.3

 End     t[2] : 1 gives LogL=-63.640 occ=191.3

 TB: Stats 22->1 [4.5%]  { 249->15 [6.0%] total }

TB 350.00 ST_k_2_ {}
 Tree based clustering
 Start   k[2] : 19  have LogL=-60.255 occ=165.4

 Via     k[2] : 1 gives LogL=-60.255 occ=165.4

 End     k[2] : 1 gives LogL=-60.255 occ=165.4

 TB: Stats 19->1 [5.3%]  { 268->16 [6.0%] total }

TB 350.00 ST_ch_2_ {}
 Tree based clustering
 Start  ch[2] : 5  have LogL=-51.440 occ=32.9

 Via    ch[2] : 1 gives LogL=-51.440 occ=32.9

 End    ch[2] : 1 gives LogL=-51.440 occ=32.9

 TB: Stats 5->1 [20.0%]  { 273->17 [6.2%] total }

TB 350.00 ST_iy_2_ {}
 Tree based clustering
 Start  iy[2] : 12  have LogL=-43.172 occ=268.9

 Via    iy[2] : 2 gives LogL=-41.667 occ=268.9

 End    iy[2] : 2 gives LogL=-41.667 occ=268.9

 TB: Stats 12->2 [16.7%]  { 285->19 [6.7%] total }

TB 350.00 ST_v_2_ {}
 Tree based clustering
 Start   v[2] : 7  have LogL=-63.514 occ=86.9

 Via     v[2] : 1 gives LogL=-63.514 occ=86.9

 End     v[2] : 1 gives LogL=-63.514 occ=86.9

 TB: Stats 7->1 [14.3%]  { 292->20 [6.8%] total }

TB 350.00 ST_w_2_ {}
 Tree based clustering
 Start   w[2] : 4  have LogL=-59.587 occ=50.6

 Via     w[2] : 1 gives LogL=-59.587 occ=50.6

 End     w[2] : 1 gives LogL=-59.587 occ=50.6

 TB: Stats 4->1 [25.0%]  { 296->21 [7.1%] total }

TB 350.00 ST_y_2_ {}
 Tree based clustering
 Start   y[2] : 5  have LogL=-63.594 occ=107.1

 Via     y[2] : 1 gives LogL=-63.594 occ=107.1

 End     y[2] : 1 gives LogL=-63.594 occ=107.1

 TB: Stats 5->1 [20.0%]  { 301->22 [7.3%] total }

TB 350.00 ST_uw_2_ {}
 Tree based clustering
 Start  uw[2] : 6  have LogL=-57.408 occ=167.5

 Via    uw[2] : 1 gives LogL=-57.408 occ=167.5

 End    uw[2] : 1 gives LogL=-57.408 occ=167.5

 TB: Stats 6->1 [16.7%]  { 307->23 [7.5%] total }

TB 350.00 ST_p_2_ {}
 Tree based clustering
 Start   p[2] : 10  have LogL=-62.665 occ=78.4

 Via     p[2] : 1 gives LogL=-62.665 occ=78.4

 End     p[2] : 1 gives LogL=-62.665 occ=78.4

 TB: Stats 10->1 [10.0%]  { 317->24 [7.6%] total }

TB 350.00 ST_er_2_ {}
 Tree based clustering
 Start  er[2] : 10  have LogL=-56.650 occ=140.3

 Via    er[2] : 1 gives LogL=-56.650 occ=140.3

 End    er[2] : 1 gives LogL=-56.650 occ=140.3

 TB: Stats 10->1 [10.0%]  { 327->25 [7.6%] total }

TB 350.00 ST_eh_2_ {}
 Tree based clustering
 Start  eh[2] : 16  have LogL=-61.905 occ=145.9

 Via    eh[2] : 1 gives LogL=-61.905 occ=145.9

 End    eh[2] : 1 gives LogL=-61.905 occ=145.9

 TB: Stats 16->1 [6.2%]  { 343->26 [7.6%] total }

TB 350.00 ST_r_2_ {}
 Tree based clustering
 Start   r[2] : 20  have LogL=-60.220 occ=204.3

 Via     r[2] : 1 gives LogL=-60.220 occ=204.3

 End     r[2] : 1 gives LogL=-60.220 occ=204.3

 TB: Stats 20->1 [5.0%]  { 363->27 [7.4%] total }

TB 350.00 ST_f_2_ {}
 Tree based clustering
 Start   f[2] : 5  have LogL=-46.047 occ=196.2

 Via     f[2] : 1 gives LogL=-46.047 occ=196.2

 End     f[2] : 1 gives LogL=-46.047 occ=196.2

 TB: Stats 5->1 [20.0%]  { 368->28 [7.6%] total }

TB 350.00 ST_g_2_ {}
 Tree based clustering
 Start   g[2] : 7  have LogL=-62.697 occ=15.1

 Via     g[2] : 1 gives LogL=-62.697 occ=15.1

 End     g[2] : 1 gives LogL=-62.697 occ=15.1

 TB: Stats 7->1 [14.3%]  { 375->29 [7.7%] total }

TB 350.00 ST_s_2_ {}
 Tree based clustering
 Start   s[2] : 13  have LogL=-61.246 occ=118.7

 Via     s[2] : 1 gives LogL=-61.246 occ=118.7

 End     s[2] : 1 gives LogL=-61.246 occ=118.7

 TB: Stats 13->1 [7.7%]  { 388->30 [7.7%] total }

TB 350.00 ST_th_2_ {}
 Tree based clustering
 Start  th[2] : 7  have LogL=-54.613 occ=47.1

 Via    th[2] : 1 gives LogL=-54.613 occ=47.1

 End    th[2] : 1 gives LogL=-54.613 occ=47.1

 TB: Stats 7->1 [14.3%]  { 395->31 [7.8%] total }

TB 350.00 ST_hh_2_ {}
 Tree based clustering
 Start  hh[2] : 8  have LogL=-53.482 occ=13.9

 Via    hh[2] : 1 gives LogL=-53.482 occ=13.9

 End    hh[2] : 1 gives LogL=-53.482 occ=13.9

 TB: Stats 8->1 [12.5%]  { 403->32 [7.9%] total }

TB 350.00 ST_ey_2_ {}
 Tree based clustering
 Start  ey[2] : 15  have LogL=-65.415 occ=109.1

 Via    ey[2] : 1 gives LogL=-65.415 occ=109.1

 End    ey[2] : 1 gives LogL=-65.415 occ=109.1

 TB: Stats 15->1 [6.7%]  { 418->33 [7.9%] total }

TB 350.00 ST_dh_2_ {}
 Tree based clustering
 Start  dh[2] : 4  have LogL=-56.928 occ=35.4

 Via    dh[2] : 1 gives LogL=-56.928 occ=35.4

 End    dh[2] : 1 gives LogL=-56.928 occ=35.4

 TB: Stats 4->1 [25.0%]  { 422->34 [8.1%] total }

TB 350.00 ST_ao_2_ {}
 Tree based clustering
 Start  ao[2] : 4  have LogL=-59.233 occ=44.6

 Via    ao[2] : 1 gives LogL=-59.233 occ=44.6

 End    ao[2] : 1 gives LogL=-59.233 occ=44.6

 TB: Stats 4->1 [25.0%]  { 426->35 [8.2%] total }

TB 350.00 ST_ay_2_ {}
 Tree based clustering
 Start  ay[2] : 6  have LogL=-64.369 occ=90.0

 Via    ay[2] : 1 gives LogL=-64.369 occ=90.0

 End    ay[2] : 1 gives LogL=-64.369 occ=90.0

 TB: Stats 6->1 [16.7%]  { 432->36 [8.3%] total }

TB 350.00 ST_zh_2_ {}
 Tree based clustering
 Start  zh[2] : 6  have LogL=-56.843 occ=89.9

 Via    zh[2] : 1 gives LogL=-56.843 occ=89.9

 End    zh[2] : 1 gives LogL=-56.843 occ=89.9

 TB: Stats 6->1 [16.7%]  { 438->37 [8.4%] total }

TB 350.00 ST_uh_2_ {}
 Tree based clustering
 Start  uh[2] : 5  have LogL=-65.797 occ=32.2

 Via    uh[2] : 1 gives LogL=-65.797 occ=32.2

 End    uh[2] : 1 gives LogL=-65.797 occ=32.2

 TB: Stats 5->1 [20.0%]  { 443->38 [8.6%] total }

TB 350.00 ST_oy_2_ {}
 Tree based clustering
 Start  oy[2] : 4  have LogL=-62.515 occ=68.0

 Via    oy[2] : 1 gives LogL=-62.515 occ=68.0

 End    oy[2] : 1 gives LogL=-62.515 occ=68.0

 TB: Stats 4->1 [25.0%]  { 447->39 [8.7%] total }

TB 350.00 ST_jh_2_ {}
 Tree based clustering
 Start  jh[2] : 2  have LogL=-59.002 occ=12.0

 Via    jh[2] : 1 gives LogL=-59.002 occ=12.0

 End    jh[2] : 1 gives LogL=-59.002 occ=12.0

 TB: Stats 2->1 [50.0%]  { 449->40 [8.9%] total }

TB 350.00 ST_sil_2_ {}
 Tree based clustering
 Start sil[2] : 1  have LogL=-44.345 occ=1556.8

 Via   sil[2] : 1 gives LogL=-44.345 occ=1556.8

 End   sil[2] : 1 gives LogL=-44.345 occ=1556.8

 TB: Stats 1->1 [100.0%]  { 450->41 [9.1%] total }

TB 350.00 ST_ae_3_ {}
 Tree based clustering
 Start  ae[3] : 14  have LogL=-54.716 occ=144.8

 Via    ae[3] : 1 gives LogL=-54.716 occ=144.8

 End    ae[3] : 1 gives LogL=-54.716 occ=144.8

 TB: Stats 14->1 [7.1%]  { 464->42 [9.1%] total }

TB 350.00 ST_b_3_ {}
 Tree based clustering
 Start   b[3] : 22  have LogL=-61.357 occ=91.7

 Via     b[3] : 1 gives LogL=-61.357 occ=91.7

 End     b[3] : 1 gives LogL=-61.357 occ=91.7

 TB: Stats 22->1 [4.5%]  { 486->43 [8.8%] total }

TB 350.00 ST_ah_3_ {}
 Tree based clustering
 Start  ah[3] : 50  have LogL=-65.358 occ=178.8

 Via    ah[3] : 1 gives LogL=-65.358 occ=178.8

 End    ah[3] : 1 gives LogL=-65.358 occ=178.8

 TB: Stats 50->1 [2.0%]  { 536->44 [8.2%] total }

TB 350.00 ST_l_3_ {}
 Tree based clustering
 Start   l[3] : 28  have LogL=-62.114 occ=187.4

 Via     l[3] : 1 gives LogL=-62.114 occ=187.4

 End     l[3] : 1 gives LogL=-62.114 occ=187.4

 TB: Stats 28->1 [3.6%]  { 564->45 [8.0%] total }

TB 350.00 ST_ow_3_ {}
 Tree based clustering
 Start  ow[3] : 8  have LogL=-55.510 occ=271.9

 Via    ow[3] : 2 gives LogL=-53.654 occ=271.9

 End    ow[3] : 2 gives LogL=-53.654 occ=271.9

 TB: Stats 8->2 [25.0%]  { 572->47 [8.2%] total }

TB 350.00 ST_n_3_ {}
 Tree based clustering
 Start   n[3] : 24  have LogL=-61.559 occ=406.7

 Via     n[3] : 1 gives LogL=-61.559 occ=406.7

 End     n[3] : 1 gives LogL=-61.559 occ=406.7

 TB: Stats 24->1 [4.2%]  { 596->48 [8.1%] total }

TB 350.00 ST_d_3_ {}
 Tree based clustering
 Start   d[3] : 21  have LogL=-62.353 occ=62.9

 Via     d[3] : 1 gives LogL=-62.353 occ=62.9

 End     d[3] : 1 gives LogL=-62.353 occ=62.9

 TB: Stats 21->1 [4.8%]  { 617->49 [7.9%] total }

TB 350.00 ST_aa_3_ {}
 Tree based clustering
 Start  aa[3] : 8  have LogL=-64.069 occ=22.2

 Via    aa[3] : 1 gives LogL=-64.069 occ=22.2

 End    aa[3] : 1 gives LogL=-64.069 occ=22.2

 TB: Stats 8->1 [12.5%]  { 625->50 [8.0%] total }

TB 350.00 ST_m_3_ {}
 Tree based clustering
 Start   m[3] : 12  have LogL=-63.351 occ=33.5

 Via     m[3] : 1 gives LogL=-63.351 occ=33.5

 End     m[3] : 1 gives LogL=-63.351 occ=33.5

 TB: Stats 12->1 [8.3%]  { 637->51 [8.0%] total }

TB 350.00 ST_z_3_ {}
 Tree based clustering
 Start   z[3] : 5  have LogL=-58.619 occ=86.0

 Via     z[3] : 1 gives LogL=-58.619 occ=86.0

 End     z[3] : 1 gives LogL=-58.619 occ=86.0

 TB: Stats 5->1 [20.0%]  { 642->52 [8.1%] total }

TB 350.00 ST_ih_3_ {}
 Tree based clustering
 Start  ih[3] : 22  have LogL=-60.734 occ=107.4

 Via    ih[3] : 1 gives LogL=-60.734 occ=107.4

 End    ih[3] : 1 gives LogL=-60.734 occ=107.4

 TB: Stats 22->1 [4.5%]  { 664->53 [8.0%] total }

TB 350.00 ST_sh_3_ {}
 Tree based clustering
 Start  sh[3] : 6  have LogL=-53.130 occ=15.1

 Via    sh[3] : 1 gives LogL=-53.130 occ=15.1

 End    sh[3] : 1 gives LogL=-53.130 occ=15.1

 TB: Stats 6->1 [16.7%]  { 670->54 [8.1%] total }

TB 350.00 ST_aw_3_ {}
 Tree based clustering
 Start  aw[3] : 4  have LogL=-63.734 occ=25.6

 Via    aw[3] : 1 gives LogL=-63.734 occ=25.6

 End    aw[3] : 1 gives LogL=-63.734 occ=25.6

 TB: Stats 4->1 [25.0%]  { 674->55 [8.2%] total }

TB 350.00 ST_ng_3_ {}
 Tree based clustering
 Start  ng[3] : 3  have LogL=-54.197 occ=45.2

 Via    ng[3] : 1 gives LogL=-54.197 occ=45.2

 End    ng[3] : 1 gives LogL=-54.197 occ=45.2

 TB: Stats 3->1 [33.3%]  { 677->56 [8.3%] total }

TB 350.00 ST_t_3_ {}
 Tree based clustering
 Start   t[3] : 22  have LogL=-61.088 occ=176.3

 Via     t[3] : 1 gives LogL=-61.088 occ=176.3

 End     t[3] : 1 gives LogL=-61.088 occ=176.3

 TB: Stats 22->1 [4.5%]  { 699->57 [8.2%] total }

TB 350.00 ST_k_3_ {}
 Tree based clustering
 Start   k[3] : 19  have LogL=-64.714 occ=133.7

 Via     k[3] : 1 gives LogL=-64.714 occ=133.7

 End     k[3] : 1 gives LogL=-64.714 occ=133.7

 TB: Stats 19->1 [5.3%]  { 718->58 [8.1%] total }

TB 350.00 ST_ch_3_ {}
 Tree based clustering
 Start  ch[3] : 5  have LogL=-57.564 occ=21.4

 Via    ch[3] : 1 gives LogL=-57.564 occ=21.4

 End    ch[3] : 1 gives LogL=-57.564 occ=21.4

 TB: Stats 5->1 [20.0%]  { 723->59 [8.2%] total }

TB 350.00 ST_iy_3_ {}
 Tree based clustering
 Start  iy[3] : 12  have LogL=-56.228 occ=101.7

 Via    iy[3] : 1 gives LogL=-56.228 occ=101.7

 End    iy[3] : 1 gives LogL=-56.228 occ=101.7

 TB: Stats 12->1 [8.3%]  { 735->60 [8.2%] total }

TB 350.00 ST_v_3_ {}
 Tree based clustering
 Start   v[3] : 7  have LogL=-56.228 occ=99.7

 Via     v[3] : 1 gives LogL=-56.228 occ=99.7

 End     v[3] : 1 gives LogL=-56.228 occ=99.7

 TB: Stats 7->1 [14.3%]  { 742->61 [8.2%] total }

TB 350.00 ST_w_3_ {}
 Tree based clustering
 Start   w[3] : 4  have LogL=-54.834 occ=39.2

 Via     w[3] : 1 gives LogL=-54.834 occ=39.2

 End     w[3] : 1 gives LogL=-54.834 occ=39.2

 TB: Stats 4->1 [25.0%]  { 746->62 [8.3%] total }

TB 350.00 ST_y_3_ {}
 Tree based clustering
 Start   y[3] : 5  have LogL=-63.980 occ=134.2

 Via     y[3] : 1 gives LogL=-63.980 occ=134.2

 End     y[3] : 1 gives LogL=-63.980 occ=134.2

 TB: Stats 5->1 [20.0%]  { 751->63 [8.4%] total }

TB 350.00 ST_uw_3_ {}
 Tree based clustering
 Start  uw[3] : 6  have LogL=-58.526 occ=72.4

 Via    uw[3] : 1 gives LogL=-58.526 occ=72.4

 End    uw[3] : 1 gives LogL=-58.526 occ=72.4

 TB: Stats 6->1 [16.7%]  { 757->64 [8.5%] total }

TB 350.00 ST_p_3_ {}
 Tree based clustering
 Start   p[3] : 10  have LogL=-66.648 occ=28.4

 Via     p[3] : 1 gives LogL=-66.648 occ=28.4

 End     p[3] : 1 gives LogL=-66.648 occ=28.4

 TB: Stats 10->1 [10.0%]  { 767->65 [8.5%] total }

TB 350.00 ST_er_3_ {}
 Tree based clustering
 Start  er[3] : 10  have LogL=-62.397 occ=84.2

 Via    er[3] : 1 gives LogL=-62.397 occ=84.2

 End    er[3] : 1 gives LogL=-62.397 occ=84.2

 TB: Stats 10->1 [10.0%]  { 777->66 [8.5%] total }

TB 350.00 ST_eh_3_ {}
 Tree based clustering
 Start  eh[3] : 16  have LogL=-58.477 occ=195.3

 Via    eh[3] : 1 gives LogL=-58.477 occ=195.3

 End    eh[3] : 1 gives LogL=-58.477 occ=195.3

 TB: Stats 16->1 [6.2%]  { 793->67 [8.4%] total }

TB 350.00 ST_r_3_ {}
 Tree based clustering
 Start   r[3] : 20  have LogL=-65.486 occ=144.2

 Via     r[3] : 1 gives LogL=-65.486 occ=144.2

 End     r[3] : 1 gives LogL=-65.486 occ=144.2

 TB: Stats 20->1 [5.0%]  { 813->68 [8.4%] total }

TB 350.00 ST_f_3_ {}
 Tree based clustering
 Start   f[3] : 5  have LogL=-57.174 occ=163.7

 Via     f[3] : 1 gives LogL=-57.174 occ=163.7

 End     f[3] : 1 gives LogL=-57.174 occ=163.7

 TB: Stats 5->1 [20.0%]  { 818->69 [8.4%] total }

TB 350.00 ST_g_3_ {}
 Tree based clustering
 Start   g[3] : 7  have LogL=-63.224 occ=50.4

 Via     g[3] : 1 gives LogL=-63.224 occ=50.4

 End     g[3] : 1 gives LogL=-63.224 occ=50.4

 TB: Stats 7->1 [14.3%]  { 825->70 [8.5%] total }

TB 350.00 ST_s_3_ {}
 Tree based clustering
 Start   s[3] : 13  have LogL=-54.075 occ=355.5

 Via     s[3] : 1 gives LogL=-54.075 occ=355.5

 End     s[3] : 1 gives LogL=-54.075 occ=355.5

 TB: Stats 13->1 [7.7%]  { 838->71 [8.5%] total }

TB 350.00 ST_th_3_ {}
 Tree based clustering
 Start  th[3] : 7  have LogL=-50.036 occ=52.9

 Via    th[3] : 1 gives LogL=-50.036 occ=52.9

 End    th[3] : 1 gives LogL=-50.036 occ=52.9

 TB: Stats 7->1 [14.3%]  { 845->72 [8.5%] total }

TB 350.00 ST_hh_3_ {}
 Tree based clustering
 Start  hh[3] : 8  have LogL=-52.685 occ=16.9

 Via    hh[3] : 1 gives LogL=-52.685 occ=16.9

 End    hh[3] : 1 gives LogL=-52.685 occ=16.9

 TB: Stats 8->1 [12.5%]  { 853->73 [8.6%] total }

TB 350.00 ST_ey_3_ {}
 Tree based clustering
 Start  ey[3] : 15  have LogL=-46.714 occ=241.4

 Via    ey[3] : 1 gives LogL=-46.714 occ=241.4

 End    ey[3] : 1 gives LogL=-46.714 occ=241.4

 TB: Stats 15->1 [6.7%]  { 868->74 [8.5%] total }

TB 350.00 ST_dh_3_ {}
 Tree based clustering
 Start  dh[3] : 4  have LogL=-51.794 occ=25.1

 Via    dh[3] : 1 gives LogL=-51.794 occ=25.1

 End    dh[3] : 1 gives LogL=-51.794 occ=25.1

 TB: Stats 4->1 [25.0%]  { 872->75 [8.6%] total }

TB 350.00 ST_ao_3_ {}
 Tree based clustering
 Start  ao[3] : 4  have LogL=-46.144 occ=142.2

 Via    ao[3] : 1 gives LogL=-46.144 occ=142.2

 End    ao[3] : 1 gives LogL=-46.144 occ=142.2

 TB: Stats 4->1 [25.0%]  { 876->76 [8.7%] total }

TB 350.00 ST_ay_3_ {}
 Tree based clustering
 Start  ay[3] : 6  have LogL=-61.962 occ=93.1

 Via    ay[3] : 1 gives LogL=-61.962 occ=93.1

 End    ay[3] : 1 gives LogL=-61.962 occ=93.1

 TB: Stats 6->1 [16.7%]  { 882->77 [8.7%] total }

TB 350.00 ST_zh_3_ {}
 Tree based clustering
 Start  zh[3] : 6  have LogL=-65.775 occ=106.1

 Via    zh[3] : 1 gives LogL=-65.775 occ=106.1

 End    zh[3] : 1 gives LogL=-65.775 occ=106.1

 TB: Stats 6->1 [16.7%]  { 888->78 [8.8%] total }

TB 350.00 ST_uh_3_ {}
 Tree based clustering
 Start  uh[3] : 5  have LogL=-66.301 occ=15.1

 Via    uh[3] : 1 gives LogL=-66.301 occ=15.1

 End    uh[3] : 1 gives LogL=-66.301 occ=15.1

 TB: Stats 5->1 [20.0%]  { 893->79 [8.8%] total }

TB 350.00 ST_oy_3_ {}
 Tree based clustering
 Start  oy[3] : 4  have LogL=-64.751 occ=14.0

 Via    oy[3] : 1 gives LogL=-64.751 occ=14.0

 End    oy[3] : 1 gives LogL=-64.751 occ=14.0

 TB: Stats 4->1 [25.0%]  { 897->80 [8.9%] total }

TB 350.00 ST_jh_3_ {}
 Tree based clustering
 Start  jh[3] : 2  have LogL=-57.612 occ=26.4

 Via    jh[3] : 1 gives LogL=-57.612 occ=26.4

 End    jh[3] : 1 gives LogL=-57.612 occ=26.4

 TB: Stats 2->1 [50.0%]  { 899->81 [9.0%] total }

TB 350.00 ST_sil_3_ {}
 Tree based clustering
 Start sil[3] : 1  have LogL=-50.306 occ=1549.8

 Via   sil[3] : 1 gives LogL=-50.306 occ=1549.8

 End   sil[3] : 1 gives LogL=-50.306 occ=1549.8

 TB: Stats 1->1 [100.0%]  { 900->82 [9.1%] total }

TB 350.00 ST_ae_4_ {}
 Tree based clustering
 Start  ae[4] : 14  have LogL=-64.388 occ=65.2

 Via    ae[4] : 1 gives LogL=-64.388 occ=65.2

 End    ae[4] : 1 gives LogL=-64.388 occ=65.2

 TB: Stats 14->1 [7.1%]  { 914->83 [9.1%] total }

TB 350.00 ST_b_4_ {}
 Tree based clustering
 Start   b[4] : 22  have LogL=-66.139 occ=137.7

 Via     b[4] : 1 gives LogL=-66.139 occ=137.7

 End     b[4] : 1 gives LogL=-66.139 occ=137.7

 TB: Stats 22->1 [4.5%]  { 936->84 [9.0%] total }

TB 350.00 ST_ah_4_ {}
 Tree based clustering
 Start  ah[4] : 50  have LogL=-65.917 occ=212.5

 Via    ah[4] : 1 gives LogL=-65.917 occ=212.5

 End    ah[4] : 1 gives LogL=-65.917 occ=212.5

 TB: Stats 50->1 [2.0%]  { 986->85 [8.6%] total }

TB 350.00 ST_l_4_ {}
 Tree based clustering
 Start   l[4] : 28  have LogL=-59.007 occ=180.6

 Via     l[4] : 1 gives LogL=-59.007 occ=180.6

 End     l[4] : 1 gives LogL=-59.007 occ=180.6

 TB: Stats 28->1 [3.6%]  { 1014->86 [8.5%] total }

TB 350.00 ST_ow_4_ {}
 Tree based clustering
 Start  ow[4] : 8  have LogL=-49.004 occ=264.7

 Via    ow[4] : 1 gives LogL=-49.004 occ=264.7

 End    ow[4] : 1 gives LogL=-49.004 occ=264.7

 TB: Stats 8->1 [12.5%]  { 1022->87 [8.5%] total }

TB 350.00 ST_n_4_ {}
 Tree based clustering
 Start   n[4] : 24  have LogL=-45.443 occ=979.4

 Via     n[4] : 2 gives LogL=-45.025 occ=979.4

 End     n[4] : 2 gives LogL=-45.025 occ=979.4

 TB: Stats 24->2 [8.3%]  { 1046->89 [8.5%] total }

TB 350.00 ST_d_4_ {}
 Tree based clustering
 Start   d[4] : 21  have LogL=-66.158 occ=63.3

 Via     d[4] : 1 gives LogL=-66.158 occ=63.3

 End     d[4] : 1 gives LogL=-66.158 occ=63.3

 TB: Stats 21->1 [4.8%]  { 1067->90 [8.4%] total }

TB 350.00 ST_aa_4_ {}
 Tree based clustering
 Start  aa[4] : 8  have LogL=-62.631 occ=15.6

 Via    aa[4] : 1 gives LogL=-62.631 occ=15.6

 End    aa[4] : 1 gives LogL=-62.631 occ=15.6

 TB: Stats 8->1 [12.5%]  { 1075->91 [8.5%] total }

TB 350.00 ST_m_4_ {}
 Tree based clustering
 Start   m[4] : 12  have LogL=-65.920 occ=59.5

 Via     m[4] : 1 gives LogL=-65.920 occ=59.5

 End     m[4] : 1 gives LogL=-65.920 occ=59.5

 TB: Stats 12->1 [8.3%]  { 1087->92 [8.5%] total }

TB 350.00 ST_z_4_ {}
 Tree based clustering
 Start   z[4] : 5  have LogL=-59.667 occ=43.8

 Via     z[4] : 1 gives LogL=-59.667 occ=43.8

 End     z[4] : 1 gives LogL=-59.667 occ=43.8

 TB: Stats 5->1 [20.0%]  { 1092->93 [8.5%] total }

TB 350.00 ST_ih_4_ {}
 Tree based clustering
 Start  ih[4] : 22  have LogL=-45.507 occ=286.4

 Via    ih[4] : 1 gives LogL=-45.507 occ=286.4

 End    ih[4] : 1 gives LogL=-45.507 occ=286.4

 TB: Stats 22->1 [4.5%]  { 1114->94 [8.4%] total }

TB 350.00 ST_sh_4_ {}
 Tree based clustering
 Start  sh[4] : 6  have LogL=-61.565 occ=35.8

 Via    sh[4] : 1 gives LogL=-61.565 occ=35.8

 End    sh[4] : 1 gives LogL=-61.565 occ=35.8

 TB: Stats 6->1 [16.7%]  { 1120->95 [8.5%] total }

TB 350.00 ST_aw_4_ {}
 Tree based clustering
 Start  aw[4] : 4  have LogL=-47.340 occ=37.8

 Via    aw[4] : 1 gives LogL=-47.340 occ=37.8

 End    aw[4] : 1 gives LogL=-47.340 occ=37.8

 TB: Stats 4->1 [25.0%]  { 1124->96 [8.5%] total }

TB 350.00 ST_ng_4_ {}
 Tree based clustering
 Start  ng[4] : 3  have LogL=-43.830 occ=277.2

 Via    ng[4] : 1 gives LogL=-43.830 occ=277.2

 End    ng[4] : 1 gives LogL=-43.830 occ=277.2

 TB: Stats 3->1 [33.3%]  { 1127->97 [8.6%] total }

TB 350.00 ST_t_4_ {}
 Tree based clustering
 Start   t[4] : 22  have LogL=-46.740 occ=485.9

 Via     t[4] : 1 gives LogL=-46.740 occ=485.9

 End     t[4] : 1 gives LogL=-46.740 occ=485.9

 TB: Stats 22->1 [4.5%]  { 1149->98 [8.5%] total }

TB 350.00 ST_k_4_ {}
 Tree based clustering
 Start   k[4] : 19  have LogL=-67.292 occ=177.2

 Via     k[4] : 1 gives LogL=-67.292 occ=177.2

 End     k[4] : 1 gives LogL=-67.292 occ=177.2

 TB: Stats 19->1 [5.3%]  { 1168->99 [8.5%] total }

TB 350.00 ST_ch_4_ {}
 Tree based clustering
 Start  ch[4] : 5  have LogL=-60.712 occ=41.7

 Via    ch[4] : 1 gives LogL=-60.712 occ=41.7

 End    ch[4] : 1 gives LogL=-60.712 occ=41.7

 TB: Stats 5->1 [20.0%]  { 1173->100 [8.5%] total }

TB 350.00 ST_iy_4_ {}
 Tree based clustering
 Start  iy[4] : 12  have LogL=-62.334 occ=81.8

 Via    iy[4] : 1 gives LogL=-62.334 occ=81.8

 End    iy[4] : 1 gives LogL=-62.334 occ=81.8

 TB: Stats 12->1 [8.3%]  { 1185->101 [8.5%] total }

TB 350.00 ST_v_4_ {}
 Tree based clustering
 Start   v[4] : 7  have LogL=-46.692 occ=193.3

 Via     v[4] : 1 gives LogL=-46.692 occ=193.3

 End     v[4] : 1 gives LogL=-46.692 occ=193.3

 TB: Stats 7->1 [14.3%]  { 1192->102 [8.6%] total }

TB 350.00 ST_w_4_ {}
 Tree based clustering
 Start   w[4] : 4  have LogL=-47.491 occ=32.3

 Via     w[4] : 1 gives LogL=-47.491 occ=32.3

 End     w[4] : 1 gives LogL=-47.491 occ=32.3

 TB: Stats 4->1 [25.0%]  { 1196->103 [8.6%] total }

TB 350.00 ST_y_4_ {}
 Tree based clustering
 Start   y[4] : 5  have LogL=-52.898 occ=114.7

 Via     y[4] : 1 gives LogL=-52.898 occ=114.7

 End     y[4] : 1 gives LogL=-52.898 occ=114.7

 TB: Stats 5->1 [20.0%]  { 1201->104 [8.7%] total }

TB 350.00 ST_uw_4_ {}
 Tree based clustering
 Start  uw[4] : 6  have LogL=-44.632 occ=186.5

 Via    uw[4] : 1 gives LogL=-44.632 occ=186.5

 End    uw[4] : 1 gives LogL=-44.632 occ=186.5

 TB: Stats 6->1 [16.7%]  { 1207->105 [8.7%] total }

TB 350.00 ST_p_4_ {}
 Tree based clustering
 Start   p[4] : 10  have LogL=-59.844 occ=19.1

 Via     p[4] : 1 gives LogL=-59.844 occ=19.1

 End     p[4] : 1 gives LogL=-59.844 occ=19.1

 TB: Stats 10->1 [10.0%]  { 1217->106 [8.7%] total }

TB 350.00 ST_er_4_ {}
 Tree based clustering
 Start  er[4] : 10  have LogL=-61.819 occ=35.6

 Via    er[4] : 1 gives LogL=-61.819 occ=35.6

 End    er[4] : 1 gives LogL=-61.819 occ=35.6

 TB: Stats 10->1 [10.0%]  { 1227->107 [8.7%] total }

TB 350.00 ST_eh_4_ {}
 Tree based clustering
 Start  eh[4] : 16  have LogL=-64.314 occ=88.4

 Via    eh[4] : 1 gives LogL=-64.314 occ=88.4

 End    eh[4] : 1 gives LogL=-64.314 occ=88.4

 TB: Stats 16->1 [6.2%]  { 1243->108 [8.7%] total }

TB 350.00 ST_r_4_ {}
 Tree based clustering
 Start   r[4] : 20  have LogL=-59.810 occ=103.2

 Via     r[4] : 1 gives LogL=-59.810 occ=103.2

 End     r[4] : 1 gives LogL=-59.810 occ=103.2

 TB: Stats 20->1 [5.0%]  { 1263->109 [8.6%] total }

TB 350.00 ST_f_4_ {}
 Tree based clustering
 Start   f[4] : 5  have LogL=-54.023 occ=122.5

 Via     f[4] : 1 gives LogL=-54.023 occ=122.5

 End     f[4] : 1 gives LogL=-54.023 occ=122.5

 TB: Stats 5->1 [20.0%]  { 1268->110 [8.7%] total }

TB 350.00 ST_g_4_ {}
 Tree based clustering
 Start   g[4] : 7  have LogL=-60.516 occ=44.6

 Via     g[4] : 1 gives LogL=-60.516 occ=44.6

 End     g[4] : 1 gives LogL=-60.516 occ=44.6

 TB: Stats 7->1 [14.3%]  { 1275->111 [8.7%] total }

TB 350.00 ST_s_4_ {}
 Tree based clustering
 Start   s[4] : 13  have LogL=-62.472 occ=147.4

 Via     s[4] : 1 gives LogL=-62.472 occ=147.4

 End     s[4] : 1 gives LogL=-62.472 occ=147.4

 TB: Stats 13->1 [7.7%]  { 1288->112 [8.7%] total }

TB 350.00 ST_th_4_ {}
 Tree based clustering
 Start  th[4] : 7  have LogL=-54.541 occ=60.5

 Via    th[4] : 1 gives LogL=-54.541 occ=60.5

 End    th[4] : 1 gives LogL=-54.541 occ=60.5

 TB: Stats 7->1 [14.3%]  { 1295->113 [8.7%] total }

TB 350.00 ST_hh_4_ {}
 Tree based clustering
 Start  hh[4] : 8  have LogL=-43.833 occ=219.4

 Via    hh[4] : 1 gives LogL=-43.833 occ=219.4

 End    hh[4] : 1 gives LogL=-43.833 occ=219.4

 TB: Stats 8->1 [12.5%]  { 1303->114 [8.7%] total }

TB 350.00 ST_ey_4_ {}
 Tree based clustering
 Start  ey[4] : 15  have LogL=-61.070 occ=101.7

 Via    ey[4] : 1 gives LogL=-61.070 occ=101.7

 End    ey[4] : 1 gives LogL=-61.070 occ=101.7

 TB: Stats 15->1 [6.7%]  { 1318->115 [8.7%] total }

TB 350.00 ST_dh_4_ {}
 Tree based clustering
 Start  dh[4] : 4  have LogL=-40.455 occ=115.8

 Via    dh[4] : 1 gives LogL=-40.455 occ=115.8

 End    dh[4] : 1 gives LogL=-40.455 occ=115.8

 TB: Stats 4->1 [25.0%]  { 1322->116 [8.8%] total }

TB 350.00 ST_ao_4_ {}
 Tree based clustering
 Start  ao[4] : 4  have LogL=-50.134 occ=130.2

 Via    ao[4] : 1 gives LogL=-50.134 occ=130.2

 End    ao[4] : 1 gives LogL=-50.134 occ=130.2

 TB: Stats 4->1 [25.0%]  { 1326->117 [8.8%] total }

TB 350.00 ST_ay_4_ {}
 Tree based clustering
 Start  ay[4] : 6  have LogL=-58.367 occ=257.4

 Via    ay[4] : 2 gives LogL=-56.554 occ=257.4

 End    ay[4] : 2 gives LogL=-56.554 occ=257.4

 TB: Stats 6->2 [33.3%]  { 1332->119 [8.9%] total }

TB 350.00 ST_zh_4_ {}
 Tree based clustering
 Start  zh[4] : 6  have LogL=-51.276 occ=125.0

 Via    zh[4] : 1 gives LogL=-51.276 occ=125.0

 End    zh[4] : 1 gives LogL=-51.276 occ=125.0

 TB: Stats 6->1 [16.7%]  { 1338->120 [9.0%] total }

TB 350.00 ST_uh_4_ {}
 Tree based clustering
 Start  uh[4] : 5  have LogL=-55.107 occ=19.0

 Via    uh[4] : 1 gives LogL=-55.107 occ=19.0

 End    uh[4] : 1 gives LogL=-55.107 occ=19.0

 TB: Stats 5->1 [20.0%]  { 1343->121 [9.0%] total }

TB 350.00 ST_oy_4_ {}
 Tree based clustering
 Start  oy[4] : 4  have LogL=-58.209 occ=16.4

 Via    oy[4] : 1 gives LogL=-58.209 occ=16.4

 End    oy[4] : 1 gives LogL=-58.209 occ=16.4

 TB: Stats 4->1 [25.0%]  { 1347->122 [9.1%] total }

TB 350.00 ST_jh_4_ {}
 Tree based clustering
 Start  jh[4] : 2  have LogL=-62.664 occ=32.1

 Via    jh[4] : 1 gives LogL=-62.664 occ=32.1

 End    jh[4] : 1 gives LogL=-62.664 occ=32.1

 TB: Stats 2->1 [50.0%]  { 1349->123 [9.1%] total }

TB 350.00 ST_sil_4_ {}
 Tree based clustering
 Start sil[4] : 1  have LogL=-59.644 occ=384.4

 Via   sil[4] : 1 gives LogL=-59.644 occ=384.4

 End   sil[4] : 1 gives LogL=-59.644 occ=384.4

 TB: Stats 1->1 [100.0%]  { 1350->124 [9.2%] total }

TR 1
 Adjusting trace level

AU ./interim_files/fulllist
 Creating HMMset using trees to add unseen triphones
 AU: 489 Log/489 Phys created from 451 Log/451 Phys

CO ./interim_files/tiedlist
 Create compact HMMList
 CO: HMMs 489 Logical 46 Physical

ST ./interim_files/trees
 Writing current questions/trees to file

Saving new HMM files ...
Edit Complete

No HTK Configuration Parameters Set

