HERest -A -D -T 1 -C ./input_files/config -I ./interim_files/phones0.mlf -t 250.0 150.0 1000.0 -S ./interim_files/train.scp -H ./interim_files/hmm1/macros -H ./interim_files/hmm1/hmmdefs -M ./interim_files/hmm2 ./interim_files/monophones0 

HTK Configuration Parameters[10]
  Module/Tool     Parameter                  Value
#                 NUMCEPS                       12
#                 CEPLIFTER                     22
#                 NUMCHANS                      26
#                 PREEMCOEF               0.970000
#                 USEHAMMING                  TRUE
#                 WINDOWSIZE         250000.000000
#                 SAVEWITHCRC                 TRUE
#                 SAVECOMPRESSED              TRUE
#                 TARGETRATE         100000.000000
#                 TARGETKIND          MFCC_0_D_N_Z

HERest  ML Updating: Transitions Means Variances 

 System is PLAIN
40 Logical/40 Physical Models Loaded, VecSize=25
2 MMF input files
Pruning-On[250.0 150.0 1000.0]
 Processing Data: sample1.mfc; Label sample1.lab
 Utterance prob per frame = -6.105143e+01
 Processing Data: sample2.mfc; Label sample2.lab
 Utterance prob per frame = -5.994374e+01
 Processing Data: sample3.mfc; Label sample3.lab
 Utterance prob per frame = -6.164564e+01
 Processing Data: sample4.mfc; Label sample4.lab
 Utterance prob per frame = -6.114468e+01
 Processing Data: sample5.mfc; Label sample5.lab
 Utterance prob per frame = -6.196256e+01
 Processing Data: sample6.mfc; Label sample6.lab
 Utterance prob per frame = -6.096249e+01
 Processing Data: sample7.mfc; Label sample7.lab
 Utterance prob per frame = -6.240088e+01
 Processing Data: sample8.mfc; Label sample8.lab
 Utterance prob per frame = -5.984990e+01
 Processing Data: sample9.mfc; Label sample9.lab
 Utterance prob per frame = -6.186121e+01
 Processing Data: sample10.mfc; Label sample10.lab
 Utterance prob per frame = -6.251221e+01
 Processing Data: sample11.mfc; Label sample11.lab
 Utterance prob per frame = -6.175309e+01
 Processing Data: sample12.mfc; Label sample12.lab
 Utterance prob per frame = -6.142628e+01
 Processing Data: sample13.mfc; Label sample13.lab
 Utterance prob per frame = -6.172867e+01
 Processing Data: sample14.mfc; Label sample14.lab
 Utterance prob per frame = -6.170137e+01
 Processing Data: sample15.mfc; Label sample15.lab
 Utterance prob per frame = -6.126995e+01
 Processing Data: sample16.mfc; Label sample16.lab
 Utterance prob per frame = -6.033946e+01
 Processing Data: sample17.mfc; Label sample17.lab
 Utterance prob per frame = -6.409998e+01
 Processing Data: sample18.mfc; Label sample18.lab
 Utterance prob per frame = -6.456080e+01
 Processing Data: sample19.mfc; Label sample19.lab
 Utterance prob per frame = -6.143156e+01
 Processing Data: sample20.mfc; Label sample20.lab
 Utterance prob per frame = -6.342682e+01
 Processing Data: sample21.mfc; Label sample21.lab
 Utterance prob per frame = -6.330741e+01
 Processing Data: sample22.mfc; Label sample22.lab
 Utterance prob per frame = -6.465920e+01
 Processing Data: sample23.mfc; Label sample23.lab
 Utterance prob per frame = -6.377906e+01
 Processing Data: sample24.mfc; Label sample24.lab
 Utterance prob per frame = -6.794432e+01
 Processing Data: sample25.mfc; Label sample25.lab
 Utterance prob per frame = -6.332434e+01
 Processing Data: sample26.mfc; Label sample26.lab
 Utterance prob per frame = -6.228760e+01
 Processing Data: sample27.mfc; Label sample27.lab
 Utterance prob per frame = -6.315675e+01
 Processing Data: sample28.mfc; Label sample28.lab
 Utterance prob per frame = -6.097104e+01
 Processing Data: sample29.mfc; Label sample29.lab
 Utterance prob per frame = -6.337304e+01
 Processing Data: sample30.mfc; Label sample30.lab
 Utterance prob per frame = -6.375713e+01
 Processing Data: sample31.mfc; Label sample31.lab
 Utterance prob per frame = -6.118673e+01
 Processing Data: sample32.mfc; Label sample32.lab
 Utterance prob per frame = -6.221123e+01
 Processing Data: sample33.mfc; Label sample33.lab
 Utterance prob per frame = -6.271701e+01
 Processing Data: sample34.mfc; Label sample34.lab
 Utterance prob per frame = -6.109811e+01
 Processing Data: sample35.mfc; Label sample35.lab
 Utterance prob per frame = -6.181698e+01
 Processing Data: sample36.mfc; Label sample36.lab
 Utterance prob per frame = -6.053164e+01
 Processing Data: sample37.mfc; Label sample37.lab
 Utterance prob per frame = -6.230399e+01
 Processing Data: sample38.mfc; Label sample38.lab
 Utterance prob per frame = -6.370138e+01
 Processing Data: sample39.mfc; Label sample39.lab
 Utterance prob per frame = -6.103158e+01
 Processing Data: sample40.mfc; Label sample40.lab
 Utterance prob per frame = -6.250327e+01
Saving hmm's to dir ./interim_files/hmm2
Reestimation complete - average log prob per frame = -6.211168e+01
     - total frames seen          = 2.563900e+04

HTK Configuration Parameters[10]
  Module/Tool     Parameter                  Value
                  NUMCEPS                       12
                  CEPLIFTER                     22
                  NUMCHANS                      26
                  PREEMCOEF               0.970000
                  USEHAMMING                  TRUE
                  WINDOWSIZE         250000.000000
                  SAVEWITHCRC                 TRUE
                  SAVECOMPRESSED              TRUE
                  TARGETRATE         100000.000000
                  TARGETKIND          MFCC_0_D_N_Z

