HERest -A -D -T 1 -C ./input_files/config -I ./interim_files/phones0.mlf -t 250.0 150.0 1000.0 -S ./interim_files/train.scp -H ./interim_files/hmm1/macros -H ./interim_files/hmm1/hmmdefs -M ./interim_files/hmm2 ./interim_files/monophones0 

HTK Configuration Parameters[10]
  Module/Tool     Parameter                  Value
#                 NUMCEPS                       12
#                 CEPLIFTER                     22
#                 NUMCHANS                      26
#                 PREEMCOEF               0.970000
#                 USEHAMMING                  TRUE
#                 WINDOWSIZE         250000.000000
#                 SAVEWITHCRC                 TRUE
#                 SAVECOMPRESSED              TRUE
#                 TARGETRATE         100000.000000
#                 TARGETKIND          MFCC_0_D_N_Z

HERest  ML Updating: Transitions Means Variances 

 System is PLAIN
40 Logical/40 Physical Models Loaded, VecSize=25
2 MMF input files
Pruning-On[250.0 150.0 1000.0]
 Processing Data: sample1.mfc; Label sample1.lab
 Utterance prob per frame = -5.798515e+01
 Processing Data: sample2.mfc; Label sample2.lab
 Utterance prob per frame = -5.980863e+01
 Processing Data: sample3.mfc; Label sample3.lab
 Utterance prob per frame = -5.831041e+01
 Processing Data: sample4.mfc; Label sample4.lab
 Utterance prob per frame = -6.010380e+01
 Processing Data: sample5.mfc; Label sample5.lab
 Utterance prob per frame = -6.188456e+01
 Processing Data: sample6.mfc; Label sample6.lab
 Utterance prob per frame = -5.798915e+01
 Processing Data: sample7.mfc; Label sample7.lab
 Utterance prob per frame = -5.981148e+01
 Processing Data: sample8.mfc; Label sample8.lab
 Utterance prob per frame = -5.685157e+01
 Processing Data: sample9.mfc; Label sample9.lab
 Utterance prob per frame = -5.946512e+01
 Processing Data: sample10.mfc; Label sample10.lab
 Utterance prob per frame = -5.924962e+01
 Processing Data: sample11.mfc; Label sample11.lab
 Utterance prob per frame = -5.843813e+01
 Processing Data: sample12.mfc; Label sample12.lab
 Utterance prob per frame = -5.889201e+01
 Processing Data: sample13.mfc; Label sample13.lab
 Utterance prob per frame = -5.877717e+01
 Processing Data: sample14.mfc; Label sample14.lab
 Utterance prob per frame = -5.859400e+01
 Processing Data: sample15.mfc; Label sample15.lab
 Utterance prob per frame = -5.753514e+01
 Processing Data: sample16.mfc; Label sample16.lab
 Utterance prob per frame = -5.738090e+01
 Processing Data: sample17.mfc; Label sample17.lab
 Utterance prob per frame = -5.783764e+01
 Processing Data: sample18.mfc; Label sample18.lab
 Utterance prob per frame = -6.053386e+01
 Processing Data: sample19.mfc; Label sample19.lab
 Utterance prob per frame = -5.826558e+01
 Processing Data: sample20.mfc; Label sample20.lab
 Utterance prob per frame = -6.043903e+01
 Processing Data: sample21.mfc; Label sample21.lab
 Utterance prob per frame = -6.111457e+01
 Processing Data: sample22.mfc; Label sample22.lab
 Utterance prob per frame = -6.173087e+01
 Processing Data: sample23.mfc; Label sample23.lab
 Utterance prob per frame = -6.418267e+01
 Processing Data: sample24.mfc; Label sample24.lab
 Utterance prob per frame = -6.634451e+01
 Processing Data: sample25.mfc; Label sample25.lab
 Utterance prob per frame = -6.184661e+01
 Processing Data: sample26.mfc; Label sample26.lab
 Utterance prob per frame = -5.971638e+01
 Processing Data: sample27.mfc; Label sample27.lab
 Utterance prob per frame = -5.981724e+01
 Processing Data: sample28.mfc; Label sample28.lab
 Utterance prob per frame = -5.983940e+01
 Processing Data: sample29.mfc; Label sample29.lab
 Utterance prob per frame = -6.323418e+01
 Processing Data: sample30.mfc; Label sample30.lab
 Utterance prob per frame = -6.297102e+01
 Processing Data: sample31.mfc; Label sample31.lab
 Utterance prob per frame = -5.765090e+01
Saving hmm's to dir ./interim_files/hmm2
Reestimation complete - average log prob per frame = -5.977045e+01
     - total frames seen          = 1.820000e+04

HTK Configuration Parameters[10]
  Module/Tool     Parameter                  Value
                  NUMCEPS                       12
                  CEPLIFTER                     22
                  NUMCHANS                      26
                  PREEMCOEF               0.970000
                  USEHAMMING                  TRUE
                  WINDOWSIZE         250000.000000
                  SAVEWITHCRC                 TRUE
                  SAVECOMPRESSED              TRUE
                  TARGETRATE         100000.000000
                  TARGETKIND          MFCC_0_D_N_Z

