HERest -A -D -T 1 -T 1 -C ./input_files/config -I ./interim_files/wintri.mlf -t 250.0 150.0 3000.0 -s ./interim_files/stats -S ./interim_files/train.scp -H ./interim_files/hmm13/macros -H ./interim_files/hmm13/hmmdefs -M ./interim_files/hmm14 ./interim_files/tiedlist 

HTK Configuration Parameters[10]
  Module/Tool     Parameter                  Value
#                 NUMCEPS                       12
#                 CEPLIFTER                     22
#                 NUMCHANS                      26
#                 PREEMCOEF               0.970000
#                 USEHAMMING                  TRUE
#                 WINDOWSIZE         250000.000000
#                 SAVEWITHCRC                 TRUE
#                 SAVECOMPRESSED              TRUE
#                 TARGETRATE         100000.000000
#                 TARGETKIND          MFCC_0_D_N_Z

HERest  ML Updating: Transitions Means Variances 

 System is SHARED
489 Logical/44 Physical Models Loaded, VecSize=25
2 MMF input files
Pruning-On[250.0 150.0 3000.0]
 Processing Data: sample1.mfc; Label sample1.lab
 Utterance prob per frame = -4.930051e+01
 Processing Data: sample2.mfc; Label sample2.lab
 Utterance prob per frame = -4.874374e+01
 Processing Data: sample3.mfc; Label sample3.lab
 Utterance prob per frame = -4.960208e+01
 Processing Data: sample4.mfc; Label sample4.lab
 Utterance prob per frame = -5.155287e+01
 Processing Data: sample5.mfc; Label sample5.lab
 Utterance prob per frame = -5.050201e+01
 Processing Data: sample6.mfc; Label sample6.lab
 Utterance prob per frame = -5.040309e+01
 Processing Data: sample7.mfc; Label sample7.lab
 Utterance prob per frame = -4.903204e+01
 Processing Data: sample8.mfc; Label sample8.lab
 Utterance prob per frame = -4.729677e+01
 Processing Data: sample9.mfc; Label sample9.lab
 Utterance prob per frame = -5.360032e+01
 Processing Data: sample10.mfc; Label sample10.lab
 Utterance prob per frame = -5.077062e+01
 Processing Data: sample11.mfc; Label sample11.lab
 Utterance prob per frame = -5.029269e+01
 Processing Data: sample12.mfc; Label sample12.lab
 Utterance prob per frame = -5.051749e+01
 Processing Data: sample13.mfc; Label sample13.lab
 Utterance prob per frame = -5.284126e+01
 Processing Data: sample14.mfc; Label sample14.lab
 Utterance prob per frame = -5.185338e+01
 Processing Data: sample15.mfc; Label sample15.lab
 Utterance prob per frame = -5.270559e+01
 Processing Data: sample16.mfc; Label sample16.lab
 Utterance prob per frame = -5.039488e+01
 Processing Data: sample17.mfc; Label sample17.lab
 Utterance prob per frame = -5.079199e+01
 Processing Data: sample18.mfc; Label sample18.lab
 Utterance prob per frame = -5.088888e+01
 Processing Data: sample19.mfc; Label sample19.lab
 Utterance prob per frame = -5.016218e+01
 Processing Data: sample20.mfc; Label sample20.lab
 Utterance prob per frame = -5.486488e+01
 Processing Data: sample21.mfc; Label sample21.lab
 Utterance prob per frame = -5.424971e+01
 Processing Data: sample22.mfc; Label sample22.lab
 Utterance prob per frame = -5.587913e+01
 Processing Data: sample23.mfc; Label sample23.lab
 Utterance prob per frame = -5.563264e+01
 Processing Data: sample24.mfc; Label sample24.lab
 Utterance prob per frame = -5.599066e+01
 Processing Data: sample25.mfc; Label sample25.lab
 Utterance prob per frame = -5.347615e+01
 Processing Data: sample26.mfc; Label sample26.lab
 Utterance prob per frame = -5.432304e+01
 Processing Data: sample27.mfc; Label sample27.lab
 Utterance prob per frame = -5.418573e+01
 Processing Data: sample28.mfc; Label sample28.lab
 Utterance prob per frame = -5.177016e+01
 Processing Data: sample29.mfc; Label sample29.lab
 Utterance prob per frame = -5.195508e+01
 Processing Data: sample30.mfc; Label sample30.lab
 Utterance prob per frame = -5.185364e+01
 Processing Data: sample31.mfc; Label sample31.lab
 Utterance prob per frame = -4.944901e+01
Total 2 floored variance elements in 2 different mixes
Saving hmm's to dir ./interim_files/hmm14
Reestimation complete - average log prob per frame = -5.133957e+01
     - total frames seen          = 1.820000e+04

HTK Configuration Parameters[10]
  Module/Tool     Parameter                  Value
                  NUMCEPS                       12
                  CEPLIFTER                     22
                  NUMCHANS                      26
                  PREEMCOEF               0.970000
                  USEHAMMING                  TRUE
                  WINDOWSIZE         250000.000000
                  SAVEWITHCRC                 TRUE
                  SAVECOMPRESSED              TRUE
                  TARGETRATE         100000.000000
                  TARGETKIND          MFCC_0_D_N_Z

