HERest -A -D -T 1 -C ./input_files/config -I ./interim_files/phones0.mlf -t 250.0 150.0 1000.0 -S ./interim_files/train.scp -H ./interim_files/hmm2/macros -H ./interim_files/hmm2/hmmdefs -M ./interim_files/hmm3 ./interim_files/monophones0 

HTK Configuration Parameters[10]
  Module/Tool     Parameter                  Value
#                 NUMCEPS                       12
#                 CEPLIFTER                     22
#                 NUMCHANS                      26
#                 PREEMCOEF               0.970000
#                 USEHAMMING                  TRUE
#                 WINDOWSIZE         250000.000000
#                 SAVEWITHCRC                 TRUE
#                 SAVECOMPRESSED              TRUE
#                 TARGETRATE         100000.000000
#                 TARGETKIND          MFCC_0_D_N_Z

HERest  ML Updating: Transitions Means Variances 

 System is PLAIN
40 Logical/40 Physical Models Loaded, VecSize=25
2 MMF input files
Pruning-On[250.0 150.0 1000.0]
 Processing Data: sample1.mfc; Label sample1.lab
 Utterance prob per frame = -5.322810e+01
 Processing Data: sample2.mfc; Label sample2.lab
 Utterance prob per frame = -5.616216e+01
 Processing Data: sample3.mfc; Label sample3.lab
 Utterance prob per frame = -5.342975e+01
 Processing Data: sample4.mfc; Label sample4.lab
 Utterance prob per frame = -5.567243e+01
 Processing Data: sample5.mfc; Label sample5.lab
 Utterance prob per frame = -5.541110e+01
 Processing Data: sample6.mfc; Label sample6.lab
 Utterance prob per frame = -5.327427e+01
 Processing Data: sample7.mfc; Label sample7.lab
 Utterance prob per frame = -5.236173e+01
 Processing Data: sample8.mfc; Label sample8.lab
 Utterance prob per frame = -5.140954e+01
 Processing Data: sample9.mfc; Label sample9.lab
 Utterance prob per frame = -5.542967e+01
 Processing Data: sample10.mfc; Label sample10.lab
 Utterance prob per frame = -5.501196e+01
 Processing Data: sample11.mfc; Label sample11.lab
 Utterance prob per frame = -5.322185e+01
 Processing Data: sample12.mfc; Label sample12.lab
 Utterance prob per frame = -5.415239e+01
 Processing Data: sample13.mfc; Label sample13.lab
 Utterance prob per frame = -5.513756e+01
 Processing Data: sample14.mfc; Label sample14.lab
 Utterance prob per frame = -5.450861e+01
 Processing Data: sample15.mfc; Label sample15.lab
 Utterance prob per frame = -5.419592e+01
 Processing Data: sample16.mfc; Label sample16.lab
 Utterance prob per frame = -5.287932e+01
 Processing Data: sample17.mfc; Label sample17.lab
 Utterance prob per frame = -5.154602e+01
 Processing Data: sample18.mfc; Label sample18.lab
 Utterance prob per frame = -5.383833e+01
 Processing Data: sample19.mfc; Label sample19.lab
 Utterance prob per frame = -5.285920e+01
 Processing Data: sample20.mfc; Label sample20.lab
 Utterance prob per frame = -5.705985e+01
 Processing Data: sample21.mfc; Label sample21.lab
 Utterance prob per frame = -5.747373e+01
 Processing Data: sample22.mfc; Label sample22.lab
 Utterance prob per frame = -5.848435e+01
 Processing Data: sample23.mfc; Label sample23.lab
 Utterance prob per frame = -5.818330e+01
 Processing Data: sample24.mfc; Label sample24.lab
 Utterance prob per frame = -5.877831e+01
 Processing Data: sample25.mfc; Label sample25.lab
 Utterance prob per frame = -5.772706e+01
 Processing Data: sample26.mfc; Label sample26.lab
 Utterance prob per frame = -5.522462e+01
 Processing Data: sample27.mfc; Label sample27.lab
 Utterance prob per frame = -5.588540e+01
 Processing Data: sample28.mfc; Label sample28.lab
 Utterance prob per frame = -5.502447e+01
 Processing Data: sample29.mfc; Label sample29.lab
 Utterance prob per frame = -5.589937e+01
 Processing Data: sample30.mfc; Label sample30.lab
 Utterance prob per frame = -5.734571e+01
 Processing Data: sample31.mfc; Label sample31.lab
 Utterance prob per frame = -5.277413e+01
Total 1 floored variance elements in 1 different mixes
Saving hmm's to dir ./interim_files/hmm3
Reestimation complete - average log prob per frame = -5.482228e+01
     - total frames seen          = 1.820000e+04

HTK Configuration Parameters[10]
  Module/Tool     Parameter                  Value
                  NUMCEPS                       12
                  CEPLIFTER                     22
                  NUMCHANS                      26
                  PREEMCOEF               0.970000
                  USEHAMMING                  TRUE
                  WINDOWSIZE         250000.000000
                  SAVEWITHCRC                 TRUE
                  SAVECOMPRESSED              TRUE
                  TARGETRATE         100000.000000
                  TARGETKIND          MFCC_0_D_N_Z

