HVite -A -D -T 1 -l * -o SWT -b silence -C ./input_files/config -H ./interim_files/hmm7/macros -H ./interim_files/hmm7/hmmdefs -i ./interim_files/aligned.mlf -m -t 250.0 150.0 1000.0 -y lab -a -I ./interim_files/words.mlf -S ./interim_files/train.scp ./interim_files/dict1 ./interim_files/monophones1 

HTK Configuration Parameters[10]
  Module/Tool     Parameter                  Value
#                 NUMCEPS                       12
#                 CEPLIFTER                     22
#                 NUMCHANS                      26
#                 PREEMCOEF               0.970000
#                 USEHAMMING                  TRUE
#                 WINDOWSIZE         250000.000000
#                 SAVEWITHCRC                 TRUE
#                 SAVECOMPRESSED              TRUE
#                 TARGETRATE         100000.000000
#                 TARGETKIND          MFCC_0_D_N_Z

Read 41 physical / 41 logical HMMs
Label file will be used to align each file
Aligning File: ../../train/mfcc/sample1.mfc
Created lattice with 14 nodes / 13 arcs from label file
silence DIAL ONE TWO THREE FOUR FIVE SIX SEVEN EIGHT NINE OH ZERO silence  ==  [982 frames] -49.9337 [Ac=-49034.9 LM=0.0] (Act=8.8)
Aligning File: ../../train/mfcc/sample2.mfc
Created lattice with 14 nodes / 13 arcs from label file
silence DIAL ONE THREE FIVE SEVEN NINE ZERO TWO FOUR SIX EIGHT OH silence  ==  [1093 frames] -49.4913 [Ac=-54094.0 LM=0.0] (Act=8.2)
Aligning File: ../../train/mfcc/sample3.mfc
Created lattice with 14 nodes / 13 arcs from label file
silence DIAL ZERO NINE SEVEN FIVE THREE ONE OH EIGHT SIX FOUR TWO silence  ==  [1228 frames] -50.8429 [Ac=-62435.1 LM=0.0] (Act=8.4)
Aligning File: ../../train/mfcc/sample4.mfc
Created lattice with 13 nodes / 12 arcs from label file
silence DIAL ONE ONE TWO TWO THREE THREE FOUR FOUR FIVE FIVE silence  ==  [824 frames] -52.7177 [Ac=-43439.4 LM=0.0] (Act=9.6)
Aligning File: ../../train/mfcc/sample5.mfc
Created lattice with 15 nodes / 14 arcs from label file
silence DIAL SIX SIX SEVEN SEVEN EIGHT EIGHT NINE NINE OH OH ZERO ZERO silence  ==  [950 frames] -51.1913 [Ac=-48631.8 LM=0.0] (Act=8.9)
Aligning File: ../../train/mfcc/sample6.mfc
Created lattice with 8 nodes / 7 arcs from label file
silence PHONE STEVE YOUNG CALL STEVE YOUNG silence  ==  [480 frames] -50.8903 [Ac=-24427.4 LM=0.0] (Act=5.6)
Aligning File: ../../train/mfcc/sample7.mfc
Created lattice with 10 nodes / 9 arcs from label file
silence PHONE STEVE CALL STEVE PHONE YOUNG CALL YOUNG silence  ==  [638 frames] -49.4871 [Ac=-31572.8 LM=0.0] (Act=6.0)
Aligning File: ../../train/mfcc/sample8.mfc
Created lattice with 10 nodes / 9 arcs from label file
silence PHONE PHONE STEVE STEVE CALL CALL YOUNG YOUNG silence  ==  [747 frames] -48.0728 [Ac=-35910.4 LM=0.0] (Act=6.4)
Aligning File: ../../train/mfcc/sample9.mfc
Created lattice with 7 nodes / 6 arcs from label file
silence MEASURE LEISURE AND LEISURE MEASURE silence  ==  [435 frames] -54.2757 [Ac=-23609.9 LM=0.0] (Act=6.7)
Aligning File: ../../train/mfcc/sample10.mfc
Created lattice with 7 nodes / 6 arcs from label file
silence COMPLAIN CHAMPLAIN AIRPLANE ELAINE EXPLAIN silence  ==  [604 frames] -51.9441 [Ac=-31374.3 LM=0.0] (Act=6.5)
Aligning File: ../../train/mfcc/sample11.mfc
Created lattice with 7 nodes / 6 arcs from label file
silence BOOKENDS KENNEL KENNETH KENYA WEEKEND silence  ==  [571 frames] -50.0983 [Ac=-28606.1 LM=0.0] (Act=10.0)
Aligning File: ../../train/mfcc/sample12.mfc
Created lattice with 8 nodes / 7 arcs from label file
silence BELT BELOW BEND AEROBIC DASHBOARD DATABASE silence  ==  [640 frames] -50.3750 [Ac=-32240.0 LM=0.0] (Act=7.4)
Aligning File: ../../train/mfcc/sample13.mfc
Created lattice with 8 nodes / 7 arcs from label file
silence GATEWAY GATORADE GAZEBO AFGHAN AGAINST AGATHA silence  ==  [715 frames] -52.3645 [Ac=-37440.6 LM=0.0] (Act=9.0)
Aligning File: ../../train/mfcc/sample14.mfc
Created lattice with 6 nodes / 5 arcs from label file
silence ABALON ABDOMINALS BODY ABOLISH silence  ==  [512 frames] -51.4435 [Ac=-26339.1 LM=0.0] (Act=6.3)
Aligning File: ../../train/mfcc/sample15.mfc
Created lattice with 6 nodes / 5 arcs from label file
silence ABOUNDING ABOUT ACCOUNT ALLENTOWN silence  ==  [480 frames] -52.6263 [Ac=-25260.6 LM=0.0] (Act=8.3)
Aligning File: ../../train/mfcc/sample16.mfc
Created lattice with 6 nodes / 5 arcs from label file
silence ACHIEVE ACTUAL ACUPUNCTURE ADVENTURE silence  ==  [529 frames] -50.3591 [Ac=-26640.0 LM=0.0] (Act=6.5)
Aligning File: ../../train/mfcc/sample17.mfc
Created lattice with 6 nodes / 5 arcs from label file
silence ALGORITHM ALTHOUGH ALTOGETHER ANOTHER silence  ==  [448 frames] -50.5387 [Ac=-22641.3 LM=0.0] (Act=6.2)
Aligning File: ../../train/mfcc/sample18.mfc
Created lattice with 6 nodes / 5 arcs from label file
silence BATTLE BEATLE LITTLE METAL silence  ==  [422 frames] -50.8770 [Ac=-21470.1 LM=0.0] (Act=9.4)
Aligning File: ../../train/mfcc/sample19.mfc
Created lattice with 6 nodes / 5 arcs from label file
silence BITTEN BLATANT BRIGHTEN BRITAIN silence  ==  [428 frames] -50.0936 [Ac=-21440.1 LM=0.0] (Act=9.9)
Aligning File: ../../train/mfcc/sample20.mfc
Created lattice with 6 nodes / 5 arcs from label file
silence BROOKHAVEN HOOD BROUHAHA BULLHEADS silence  ==  [473 frames] -54.3861 [Ac=-25724.6 LM=0.0] (Act=7.4)
Aligning File: ../../train/mfcc/sample21.mfc
Created lattice with 6 nodes / 5 arcs from label file
silence BUSBOYS CHOICE COILS COIN silence  ==  [492 frames] -54.3861 [Ac=-26758.0 LM=0.0] (Act=6.6)
Aligning File: ../../train/mfcc/sample22.mfc
Created lattice with 6 nodes / 5 arcs from label file
silence COLLECTION COLORATION COMBINATION COMMERCIAL silence  ==  [535 frames] -55.9075 [Ac=-29910.5 LM=0.0] (Act=7.4)
Aligning File: ../../train/mfcc/sample23.mfc
Created lattice with 6 nodes / 5 arcs from label file
silence MIDDLE NEEDLE POODLE SADDLE silence  ==  [413 frames] -55.6933 [Ac=-23001.3 LM=0.0] (Act=11.4)
Aligning File: ../../train/mfcc/sample24.mfc
Created lattice with 8 nodes / 7 arcs from label file
silence ALRIGHT ARTHRITIS BRIGHT COPYRIGHT CRITERIA RIGHT silence  ==  [695 frames] -55.7925 [Ac=-38775.8 LM=0.0] (Act=9.1)
Aligning File: ../../train/mfcc/sample25.mfc
Created lattice with 5 nodes / 4 arcs from label file
silence COUPLE CRADLE CRUMBLE silence  ==  [268 frames] -53.5893 [Ac=-14361.9 LM=0.0] (Act=7.7)
Aligning File: ../../train/mfcc/sample26.mfc
Created lattice with 5 nodes / 4 arcs from label file
silence CUBA CUBE CUMULATIVE silence  ==  [318 frames] -53.7156 [Ac=-17081.6 LM=0.0] (Act=11.5)
Aligning File: ../../train/mfcc/sample27.mfc
Created lattice with 5 nodes / 4 arcs from label file
silence CURING CURLING CYCLING silence  ==  [317 frames] -53.8044 [Ac=-17056.0 LM=0.0] (Act=5.9)
Aligning File: ../../train/mfcc/sample28.mfc
Created lattice with 5 nodes / 4 arcs from label file
silence CYNTHIA DANFORTH DEPTH silence  ==  [377 frames] -51.2711 [Ac=-19329.2 LM=0.0] (Act=6.2)
Aligning File: ../../train/mfcc/sample29.mfc
Created lattice with 5 nodes / 4 arcs from label file
silence DIGEST DIGITAL DILIGENT silence  ==  [381 frames] -51.9150 [Ac=-19779.6 LM=0.0] (Act=8.0)
Aligning File: ../../train/mfcc/sample30.mfc
Created lattice with 7 nodes / 6 arcs from label file
silence AMNESIA ASIA AVERSION BEIGE BEIJING silence  ==  [578 frames] -51.3620 [Ac=-29687.2 LM=0.0] (Act=5.4)
Aligning File: ../../train/mfcc/sample31.mfc
Created lattice with 8 nodes / 7 arcs from label file
silence HELP HELLO HELMET HELPLESS AHEAD HELP silence  ==  [627 frames] -49.4695 [Ac=-31017.4 LM=0.0] (Act=8.5)

HTK Configuration Parameters[10]
  Module/Tool     Parameter                  Value
                  NUMCEPS                       12
                  CEPLIFTER                     22
                  NUMCHANS                      26
                  PREEMCOEF               0.970000
                  USEHAMMING                  TRUE
                  WINDOWSIZE         250000.000000
                  SAVEWITHCRC                 TRUE
                  SAVECOMPRESSED              TRUE
                  TARGETRATE         100000.000000
                  TARGETKIND          MFCC_0_D_N_Z

