HERest -A -D -T 1 -C ./input_files/config -I ./interim_files/phones1.mlf -t 250.0 150.0 3000.0 -S ./interim_files/train.scp -H ./interim_files/hmm5/macros -H ./interim_files/hmm5/hmmdefs -M ./interim_files/hmm6 ./interim_files/monophones1 

HTK Configuration Parameters[10]
  Module/Tool     Parameter                  Value
#                 NUMCEPS                       12
#                 CEPLIFTER                     22
#                 NUMCHANS                      26
#                 PREEMCOEF               0.970000
#                 USEHAMMING                  TRUE
#                 WINDOWSIZE         250000.000000
#                 SAVEWITHCRC                 TRUE
#                 SAVECOMPRESSED              TRUE
#                 TARGETRATE         100000.000000
#                 TARGETKIND          MFCC_0_D_N_Z

HERest  ML Updating: Transitions Means Variances 

 System is SHARED
41 Logical/41 Physical Models Loaded, VecSize=25
2 MMF input files
Pruning-On[250.0 150.0 3000.0]
 Processing Data: sample1.mfc; Label sample1.lab
 Utterance prob per frame = -5.085080e+01
 Processing Data: sample2.mfc; Label sample2.lab
 Utterance prob per frame = -5.089657e+01
 Processing Data: sample3.mfc; Label sample3.lab
 Utterance prob per frame = -5.075100e+01
 Processing Data: sample4.mfc; Label sample4.lab
 Utterance prob per frame = -5.353478e+01
 Processing Data: sample5.mfc; Label sample5.lab
 Utterance prob per frame = -5.238685e+01
 Processing Data: sample6.mfc; Label sample6.lab
 Utterance prob per frame = -5.145058e+01
 Processing Data: sample7.mfc; Label sample7.lab
 Utterance prob per frame = -5.011104e+01
 Processing Data: sample8.mfc; Label sample8.lab
 Utterance prob per frame = -4.884709e+01
 Processing Data: sample9.mfc; Label sample9.lab
 Utterance prob per frame = -5.430627e+01
 Processing Data: sample10.mfc; Label sample10.lab
 Utterance prob per frame = -5.264327e+01
 Processing Data: sample11.mfc; Label sample11.lab
 Utterance prob per frame = -5.094320e+01
 Processing Data: sample12.mfc; Label sample12.lab
 Utterance prob per frame = -5.168249e+01
 Processing Data: sample13.mfc; Label sample13.lab
 Utterance prob per frame = -5.325461e+01
 Processing Data: sample14.mfc; Label sample14.lab
 Utterance prob per frame = -5.197667e+01
 Processing Data: sample15.mfc; Label sample15.lab
 Utterance prob per frame = -5.312483e+01
 Processing Data: sample16.mfc; Label sample16.lab
 Utterance prob per frame = -5.094290e+01
 Processing Data: sample17.mfc; Label sample17.lab
 Utterance prob per frame = -5.048810e+01
 Processing Data: sample18.mfc; Label sample18.lab
 Utterance prob per frame = -5.141836e+01
 Processing Data: sample19.mfc; Label sample19.lab
 Utterance prob per frame = -5.069469e+01
 Processing Data: sample20.mfc; Label sample20.lab
 Utterance prob per frame = -5.526198e+01
 Processing Data: sample21.mfc; Label sample21.lab
 Utterance prob per frame = -5.581683e+01
 Processing Data: sample22.mfc; Label sample22.lab
 Utterance prob per frame = -5.670052e+01
 Processing Data: sample23.mfc; Label sample23.lab
 Utterance prob per frame = -5.617543e+01
 Processing Data: sample24.mfc; Label sample24.lab
 Utterance prob per frame = -5.642620e+01
 Processing Data: sample25.mfc; Label sample25.lab
 Utterance prob per frame = -5.435970e+01
 Processing Data: sample26.mfc; Label sample26.lab
 Utterance prob per frame = -5.373442e+01
 Processing Data: sample27.mfc; Label sample27.lab
 Utterance prob per frame = -5.437503e+01
 Processing Data: sample28.mfc; Label sample28.lab
 Utterance prob per frame = -5.195561e+01
 Processing Data: sample29.mfc; Label sample29.lab
 Utterance prob per frame = -5.283582e+01
 Processing Data: sample30.mfc; Label sample30.lab
 Utterance prob per frame = -5.295297e+01
 Processing Data: sample31.mfc; Label sample31.lab
 Utterance prob per frame = -5.009432e+01
Total 1 floored variance elements in 1 different mixes
Saving hmm's to dir ./interim_files/hmm6
Reestimation complete - average log prob per frame = -5.234285e+01
     - total frames seen          = 1.820000e+04

HTK Configuration Parameters[10]
  Module/Tool     Parameter                  Value
                  NUMCEPS                       12
                  CEPLIFTER                     22
                  NUMCHANS                      26
                  PREEMCOEF               0.970000
                  USEHAMMING                  TRUE
                  WINDOWSIZE         250000.000000
                  SAVEWITHCRC                 TRUE
                  SAVECOMPRESSED              TRUE
                  TARGETRATE         100000.000000
                  TARGETKIND          MFCC_0_D_N_Z

