HERest -A -D -T 1 -T 1 -C ./input_files/config -I ./interim_files/wintri.mlf -t 250.0 150.0 3000.0 -s ./interim_files/stats -S ./interim_files/train.scp -H ./interim_files/hmm14/macros -H ./interim_files/hmm14/hmmdefs -M ./interim_files/hmm15 ./interim_files/tiedlist 

HTK Configuration Parameters[10]
  Module/Tool     Parameter                  Value
#                 NUMCEPS                       12
#                 CEPLIFTER                     22
#                 NUMCHANS                      26
#                 PREEMCOEF               0.970000
#                 USEHAMMING                  TRUE
#                 WINDOWSIZE         250000.000000
#                 SAVEWITHCRC                 TRUE
#                 SAVECOMPRESSED              TRUE
#                 TARGETRATE         100000.000000
#                 TARGETKIND          MFCC_0_D_N_Z

HERest  ML Updating: Transitions Means Variances 

 System is SHARED
714 Logical/47 Physical Models Loaded, VecSize=25
2 MMF input files
Pruning-On[250.0 150.0 3000.0]
 Processing Data: sample1.mfc; Label sample1.lab
 Utterance prob per frame = -5.349698e+01
 Processing Data: sample2.mfc; Label sample2.lab
 Utterance prob per frame = -5.277140e+01
 Processing Data: sample3.mfc; Label sample3.lab
 Utterance prob per frame = -5.199601e+01
 Processing Data: sample4.mfc; Label sample4.lab
 Utterance prob per frame = -5.444720e+01
 Processing Data: sample5.mfc; Label sample5.lab
 Utterance prob per frame = -5.491988e+01
 Processing Data: sample6.mfc; Label sample6.lab
 Utterance prob per frame = -5.439526e+01
 Processing Data: sample7.mfc; Label sample7.lab
 Utterance prob per frame = -5.293659e+01
 Processing Data: sample8.mfc; Label sample8.lab
 Utterance prob per frame = -5.104404e+01
 Processing Data: sample9.mfc; Label sample9.lab
 Utterance prob per frame = -5.749410e+01
 Processing Data: sample10.mfc; Label sample10.lab
 Utterance prob per frame = -5.505048e+01
 Processing Data: sample11.mfc; Label sample11.lab
 Utterance prob per frame = -5.387074e+01
 Processing Data: sample12.mfc; Label sample12.lab
 Utterance prob per frame = -5.434408e+01
 Processing Data: sample13.mfc; Label sample13.lab
 Utterance prob per frame = -5.545390e+01
 Processing Data: sample14.mfc; Label sample14.lab
 Utterance prob per frame = -5.528477e+01
 Processing Data: sample15.mfc; Label sample15.lab
 Utterance prob per frame = -5.566129e+01
 Processing Data: sample16.mfc; Label sample16.lab
 Utterance prob per frame = -5.420915e+01
 Processing Data: sample17.mfc; Label sample17.lab
 Utterance prob per frame = -5.409308e+01
 Processing Data: sample18.mfc; Label sample18.lab
 Utterance prob per frame = -5.418590e+01
 Processing Data: sample19.mfc; Label sample19.lab
 Utterance prob per frame = -5.410442e+01
 Processing Data: sample20.mfc; Label sample20.lab
 Utterance prob per frame = -5.774631e+01
 Processing Data: sample21.mfc; Label sample21.lab
 Utterance prob per frame = -5.728114e+01
 Processing Data: sample22.mfc; Label sample22.lab
 Utterance prob per frame = -5.873541e+01
 Processing Data: sample23.mfc; Label sample23.lab
 Utterance prob per frame = -5.819866e+01
 Processing Data: sample24.mfc; Label sample24.lab
 Utterance prob per frame = -5.936274e+01
 Processing Data: sample25.mfc; Label sample25.lab
 Utterance prob per frame = -5.635072e+01
 Processing Data: sample26.mfc; Label sample26.lab
 Utterance prob per frame = -5.721318e+01
 Processing Data: sample27.mfc; Label sample27.lab
 Utterance prob per frame = -5.796821e+01
 Processing Data: sample28.mfc; Label sample28.lab
 Utterance prob per frame = -5.559650e+01
 Processing Data: sample29.mfc; Label sample29.lab
 Utterance prob per frame = -5.521658e+01
 Processing Data: sample30.mfc; Label sample30.lab
 Utterance prob per frame = -5.456995e+01
 Processing Data: sample31.mfc; Label sample31.lab
 Utterance prob per frame = -5.476768e+01
 Processing Data: sample32.mfc; Label sample32.lab
 Utterance prob per frame = -5.747836e+01
 Processing Data: sample33.mfc; Label sample33.lab
 Utterance prob per frame = -5.911472e+01
 Processing Data: sample34.mfc; Label sample34.lab
 Utterance prob per frame = -5.658041e+01
 Processing Data: sample35.mfc; Label sample35.lab
 Utterance prob per frame = -5.676830e+01
 Processing Data: sample36.mfc; Label sample36.lab
 Utterance prob per frame = -5.505811e+01
 Processing Data: sample37.mfc; Label sample37.lab
 Utterance prob per frame = -5.773048e+01
 Processing Data: sample38.mfc; Label sample38.lab
 Utterance prob per frame = -5.992651e+01
 Processing Data: sample39.mfc; Label sample39.lab
 Utterance prob per frame = -5.574541e+01
 Processing Data: sample40.mfc; Label sample40.lab
 Utterance prob per frame = -5.776729e+01
Saving hmm's to dir ./interim_files/hmm15
Reestimation complete - average log prob per frame = -5.559294e+01
     - total frames seen          = 2.563900e+04

HTK Configuration Parameters[10]
  Module/Tool     Parameter                  Value
                  NUMCEPS                       12
                  CEPLIFTER                     22
                  NUMCHANS                      26
                  PREEMCOEF               0.970000
                  USEHAMMING                  TRUE
                  WINDOWSIZE         250000.000000
                  SAVEWITHCRC                 TRUE
                  SAVECOMPRESSED              TRUE
                  TARGETRATE         100000.000000
                  TARGETKIND          MFCC_0_D_N_Z

