HERest -A -D -T 1 -C ./input_files/config -I ./interim_files/phones1.mlf -t 250.0 150.0 3000.0 -S ./interim_files/train.scp -H ./interim_files/hmm5/macros -H ./interim_files/hmm5/hmmdefs -M ./interim_files/hmm6 ./interim_files/monophones1 

HTK Configuration Parameters[10]
  Module/Tool     Parameter                  Value
#                 NUMCEPS                       12
#                 CEPLIFTER                     22
#                 NUMCHANS                      26
#                 PREEMCOEF               0.970000
#                 USEHAMMING                  TRUE
#                 WINDOWSIZE         250000.000000
#                 SAVEWITHCRC                 TRUE
#                 SAVECOMPRESSED              TRUE
#                 TARGETRATE         100000.000000
#                 TARGETKIND          MFCC_0_D_N_Z

HERest  ML Updating: Transitions Means Variances 

 System is SHARED
41 Logical/41 Physical Models Loaded, VecSize=25
2 MMF input files
Pruning-On[250.0 150.0 3000.0]
 Processing Data: sample1.mfc; Label sample1.lab
 Utterance prob per frame = -5.472100e+01
 Processing Data: sample2.mfc; Label sample2.lab
 Utterance prob per frame = -5.458914e+01
 Processing Data: sample3.mfc; Label sample3.lab
 Utterance prob per frame = -5.376418e+01
 Processing Data: sample4.mfc; Label sample4.lab
 Utterance prob per frame = -5.572685e+01
 Processing Data: sample5.mfc; Label sample5.lab
 Utterance prob per frame = -5.652191e+01
 Processing Data: sample6.mfc; Label sample6.lab
 Utterance prob per frame = -5.603982e+01
 Processing Data: sample7.mfc; Label sample7.lab
 Utterance prob per frame = -5.463107e+01
 Processing Data: sample8.mfc; Label sample8.lab
 Utterance prob per frame = -5.349334e+01
 Processing Data: sample9.mfc; Label sample9.lab
 Utterance prob per frame = -5.822264e+01
 Processing Data: sample10.mfc; Label sample10.lab
 Utterance prob per frame = -5.655892e+01
 Processing Data: sample11.mfc; Label sample11.lab
 Utterance prob per frame = -5.513294e+01
 Processing Data: sample12.mfc; Label sample12.lab
 Utterance prob per frame = -5.606300e+01
 Processing Data: sample13.mfc; Label sample13.lab
 Utterance prob per frame = -5.660740e+01
 Processing Data: sample14.mfc; Label sample14.lab
 Utterance prob per frame = -5.604572e+01
 Processing Data: sample15.mfc; Label sample15.lab
 Utterance prob per frame = -5.669006e+01
 Processing Data: sample16.mfc; Label sample16.lab
 Utterance prob per frame = -5.504830e+01
 Processing Data: sample17.mfc; Label sample17.lab
 Utterance prob per frame = -5.584094e+01
 Processing Data: sample18.mfc; Label sample18.lab
 Utterance prob per frame = -5.587930e+01
 Processing Data: sample19.mfc; Label sample19.lab
 Utterance prob per frame = -5.501232e+01
 Processing Data: sample20.mfc; Label sample20.lab
 Utterance prob per frame = -5.906743e+01
 Processing Data: sample21.mfc; Label sample21.lab
 Utterance prob per frame = -5.811147e+01
 Processing Data: sample22.mfc; Label sample22.lab
 Utterance prob per frame = -5.976007e+01
 Processing Data: sample23.mfc; Label sample23.lab
 Utterance prob per frame = -5.904220e+01
 Processing Data: sample24.mfc; Label sample24.lab
 Utterance prob per frame = -5.973105e+01
 Processing Data: sample25.mfc; Label sample25.lab
 Utterance prob per frame = -5.776230e+01
 Processing Data: sample26.mfc; Label sample26.lab
 Utterance prob per frame = -5.885189e+01
 Processing Data: sample27.mfc; Label sample27.lab
 Utterance prob per frame = -5.850532e+01
 Processing Data: sample28.mfc; Label sample28.lab
 Utterance prob per frame = -5.673552e+01
 Processing Data: sample29.mfc; Label sample29.lab
 Utterance prob per frame = -5.691687e+01
 Processing Data: sample30.mfc; Label sample30.lab
 Utterance prob per frame = -5.594721e+01
 Processing Data: sample31.mfc; Label sample31.lab
 Utterance prob per frame = -5.641716e+01
 Processing Data: sample32.mfc; Label sample32.lab
 Utterance prob per frame = -5.819280e+01
 Processing Data: sample33.mfc; Label sample33.lab
 Utterance prob per frame = -5.962097e+01
 Processing Data: sample34.mfc; Label sample34.lab
 Utterance prob per frame = -5.774844e+01
 Processing Data: sample35.mfc; Label sample35.lab
 Utterance prob per frame = -5.801450e+01
 Processing Data: sample36.mfc; Label sample36.lab
 Utterance prob per frame = -5.602543e+01
 Processing Data: sample37.mfc; Label sample37.lab
 Utterance prob per frame = -5.820685e+01
 Processing Data: sample38.mfc; Label sample38.lab
 Utterance prob per frame = -6.018910e+01
 Processing Data: sample39.mfc; Label sample39.lab
 Utterance prob per frame = -5.672931e+01
 Processing Data: sample40.mfc; Label sample40.lab
 Utterance prob per frame = -5.871416e+01
Saving hmm's to dir ./interim_files/hmm6
Reestimation complete - average log prob per frame = -5.679665e+01
     - total frames seen          = 2.563900e+04

HTK Configuration Parameters[10]
  Module/Tool     Parameter                  Value
                  NUMCEPS                       12
                  CEPLIFTER                     22
                  NUMCHANS                      26
                  PREEMCOEF               0.970000
                  USEHAMMING                  TRUE
                  WINDOWSIZE         250000.000000
                  SAVEWITHCRC                 TRUE
                  SAVECOMPRESSED              TRUE
                  TARGETRATE         100000.000000
                  TARGETKIND          MFCC_0_D_N_Z

